TN:
SF:src/anti-ban.js
FN:29,humanDelay
FN:45,calculateTypingDuration
FN:61,calculateThinkingPause
FN:100,getBrowserFingerprint
FN:169,MessageRateLimiter
FN:187,getLimits
FN:219,canSend
FN:272,recordSend
FN:282,getStats
FN:301,setAccountAge
FN:309,loadStats
FN:343,saveStats
FN:375,ReconnectionManager
FN:388,getNextDelay
FN:422,reset
FN:429,getState
FN:448,checkMessageSafety
FN:497,ActivityTracker
FN:506,recordSent
FN:512,recordReceived
FN:521,getResponseRatio
FN:529,isSafeToSend
FN:540,getStats
FN:550,loadStats
FN:570,saveStats
FN:602,PresenceManager
FN:628,setSocket
FN:635,isWithinActiveHours
FN:647,getRandomDuration
FN:654,goOnline
FN:671,goOffline
FN:688,startPresenceCycle
FN:740,stopPresenceCycle
FN:750,temporaryOnline
FN:769,getStatus
FN:779,loadState
FN:794,saveState
FN:825,BanWarningSystem
FN:865,recordDeliverySuccess
FN:874,recordDeliveryFailure
FN:885,recordRateLimitHit
FN:896,recordConnectionDrop
FN:905,recordBlocked
FN:916,getDeliveryFailureRate
FN:925,evaluateRisk
FN:1003,canSend
FN:1024,exitHibernation
FN:1032,resetMetrics
FN:1045,getMetrics
FN:1055,loadMetrics
FN:1076,saveMetrics
FN:1105,MessageVariator
FN:1146,vary
FN:1179,addMinorVariation
FN:1186,variations
FN:1190,variations
FN:1199,varyGreetings
FN:1217,isIndonesian
FN:1226,varyIndonesian
FN:1244,varyPunctuation
FN:1260,varyWhitespace
FN:1267,variations
FN:1276,trackMessage
FN:1291,isRecentDuplicate
FN:1303,getSimilarity
FN:1325,calculateReadDelay
FN:1359,calculateThinkingDelay
FN:1385,simulateHumanReading
FN:1407,MessageScheduler
FN:1426,enqueue
FN:1456,processQueue
FN:1466,messagesSentInBatch
FN:1507,getStatus
FN:1519,clear
FN:1534,DeliveryTracker
FN:1558,recordSent
FN:1574,updateStatus
FN:1597,checkDeliveryHealth
FN:1633,getDeliveryRate
FN:1641,getReadRate
FN:1646,getStats
FN:1657,cleanup
FN:1668,destroy
FN:1684,ActivityRamper
FN:1700,recordActivity
FN:1708,getRateMultiplier
FN:1735,adjustLimit
FN:1742,getExtraDelay
FN:1751,getStatus
FN:1762,loadState
FN:1776,saveState
FN:1800,WeekendPatterns
FN:1820,isWeekend
FN:1828,isHoliday
FN:1837,getRateMultiplier
FN:1846,getDelayMultiplier
FN:1855,adjustLimit
FN:1862,adjustDelay
FN:1866,getStatus
FN:1886,TypingSimulator
FN:1898,generateTypingSequence
FN:1925,executeSequence
FN:1944,EmojiEnhancer
FN:1965,maybeAddEmoji
FN:2009,ContactWarmup
FN:2025,recordContact
FN:2059,canMessage
FN:2096,getContactStatus
FN:2115,loadContacts
FN:2129,saveContacts
FN:2154,GroupBehavior
FN:2167,isGroup
FN:2174,shouldRespondInGroup
FN:2181,adjustDelay
FN:2191,adjustTypingDuration
FN:2198,getConfig
FN:2218,NetworkFingerprint
FN:2238,recordIP
FN:2271,fetchExternalIP
FN:2280,checkNetworkHealth
FN:2312,getRecommendations
FN:2325,loadState
FN:2340,saveState
FN:2365,ReactionManager
FN:2394,setSocket
FN:2401,shouldReact
FN:2408,getReaction
FN:2435,pickFrom
FN:2439,pickWeightedRandom
FN:2451,maybeReact
FN:2484,ReplyProbability
FN:2506,shouldReply
FN:2556,updateContactPattern
FN:2571,getSkipReason
FN:2591,MessageSplitter
FN:2601,shouldSplit
FN:2608,split
FN:2670,getPartDelay
FN:2677,addContinuationIndicators
FN:2701,StatusViewer
FN:2717,setSocket
FN:2724,startViewing
FN:2736,stopViewing
FN:2746,maybeViewStatuses
FN:2763,viewContactStatus
FN:2779,getStatus
FN:2787,loadState
FN:2798,saveState
FN:2819,SpamReportDetector
FN:2848,recordDeliveryFailure
FN:2862,recordBlock
FN:2875,recordRateLimit
FN:2887,recordDeliveryRate
FN:2905,cleanOldMetrics
FN:2922,analyzePatterns
FN:2977,getRecommendation
FN:2990,getMetrics
FN:3001,loadMetrics
FN:3015,saveMetrics
FN:3038,GeoIPMatcher
FN:3064,setPhoneNumber
FN:3080,checkIPCountry
FN:3103,validateMatch
FN:3125,getStatus
FN:3144,ProfileViewer
FN:3153,setSocket
FN:3160,maybeViewProfile
FN:3187,viewProfile
FN:3199,getStats
FN:3205,loadState
FN:3218,saveState
FN:3240,ForwardHandler
FN:3251,isForwarded
FN:3262,getForwardCount
FN:3271,shouldReplyToForward
FN:3295,adjustDelay
FN:3312,ConversationMemory
FN:3323,recordMessage
FN:3357,getContext
FN:3383,isActiveConversation
FN:3393,updateTopics
FN:3422,updateSentiment
FN:3441,getActiveConversations
FN:3454,loadState
FN:3468,saveState
FN:3493,BlockDetector
FN:3509,setSocket
FN:3516,recordMessageSent
FN:3535,recordMessageDelivered
FN:3563,checkForBlocks
FN:3588,verifyBlock
FN:3614,isBlocked
FN:3618,getStats
FN:3627,loadState
FN:3639,saveState
FN:3660,SessionManager
FN:3673,ensureBackupDir
FN:3687,startAutoBackup
FN:3698,stopAutoBackup
FN:3708,createBackup
FN:3735,restoreBackup
FN:3762,listBackups
FN:3789,getDirSize
FN:3812,cleanupOldBackups
FN:3826,getStatus
FN:3838,getBackupInfo
FN:3859,PersistentQueue
FN:3877,enqueue
FN:3912,processQueue
FN:3967,getStatus
FN:3988,clear
FN:3996,retryDead
FN:4007,loadQueue
FN:4023,saveQueue
FN:4042,WebhookManager
FN:4063,send
FN:4111,addToFailedQueue
FN:4125,startRetryTimer
FN:4133,stopRetryTimer
FN:4143,processFailedQueue
FN:4181,getStatus
FN:4189,loadFailedQueue
FN:4203,saveFailedQueue
FN:4224,HealthMonitor
FN:4259,start
FN:4270,stop
FN:4280,recordConnectionDrop
FN:4290,recordDeliveryFailure
FN:4299,recordRateLimitHit
FN:4308,recordError
FN:4317,cleanOldMetrics
FN:4329,performHealthCheck
FN:4397,getRecommendation
FN:4408,getStatus
FN:4422,loadMetrics
FN:4436,saveMetrics
FN:4457,LanguageDetector
FN:4495,detect
FN:4538,recordContactLanguage
FN:4567,getContactLanguage
FN:4587,isMatchingLanguage
FN:4597,getStats
FN:4604,loadState
FN:4615,saveState
FN:4640,MessageAnalytics
FN:4654,recordSent
FN:4685,recordReceived
FN:4715,getOrCreateContactStats
FN:4732,getContactStats
FN:4756,getPeakHours
FN:4772,getDailyTrends
FN:4789,getSummary
FN:4814,formatDuration
FN:4821,loadState
FN:4835,saveState
FN:4863,ContactScoring
FN:4881,recordInteraction
FN:4919,calculateScore
FN:4967,getScore
FN:4974,getTier
FN:4986,getTopContacts
FN:5001,getContactsNeedingAttention
FN:5021,getStats
FN:5036,loadState
FN:5048,saveState
FN:5068,SentimentDetector
FN:5111,analyze
FN:5192,analyzeEmojis
FN:5201,recordContactSentiment
FN:5231,getContactSentiment
FN:5268,getStats
FN:5274,loadState
FN:5285,saveState
FN:5303,IPWhitelist
FN:5323,isAllowed
FN:5351,recordFailedAttempt
FN:5378,recordSuccess
FN:5386,isTemporarilyBlocked
FN:5409,addToWhitelist
FN:5418,removeFromWhitelist
FN:5426,addToBlacklist
FN:5435,normalizeIP
FN:5446,matchesCIDR
FN:5462,ipInCIDR
FN:5483,setEnabled
FN:5488,getStatus
FN:5498,loadState
FN:5511,saveState
FN:5529,AuditLogger
FN:5541,log
FN:5564,logAPICall
FN:5579,logAuth
FN:5592,logMessage
FN:5605,logSecurity
FN:5618,logSystem
FN:5629,getLogs
FN:5655,getSecurityEvents
FN:5663,getFailedAuths
FN:5672,getStats
FN:5693,generateId
FN:5697,loadState
FN:5708,saveState
FN:5724,APIRateLimiter
FN:5745,checkLimit
FN:5787,setEndpointLimit
FN:5794,cleanup
FN:5806,getStats
FN:5817,setEnabled
FN:5821,destroy
FN:5836,AutoResponder
FN:5848,addRule
FN:5872,updateRule
FN:5886,deleteRule
FN:5898,checkMessage
FN:5937,matchesTrigger
FN:5970,processResponse
FN:5986,isWithinSchedule
FN:6012,getRules
FN:6019,getStats
FN:6033,setEnabled
FN:6038,generateId
FN:6042,loadState
FN:6055,saveState
FN:6073,MessageTemplates
FN:6084,create
FN:6104,update
FN:6125,delete
FN:6134,get
FN:6141,render
FN:6171,extractVariables
FN:6180,getGreeting
FN:6191,list
FN:6207,getCategories
FN:6215,getStats
FN:6226,loadState
FN:6238,saveState
FN:6255,ScheduledMessages
FN:6268,schedule
FN:6294,cancel
FN:6310,start
FN:6321,stop
FN:6331,processScheduled
FN:6363,scheduleRepeat
FN:6387,getScheduled
FN:6404,getUpcoming
FN:6408,getStats
FN:6422,generateId
FN:6426,loadState
FN:6437,saveState
FNF:349
FNH:128
FNDA:170,humanDelay
FNDA:5,calculateTypingDuration
FNDA:4,calculateThinkingPause
FNDA:5,getBrowserFingerprint
FNDA:9,MessageRateLimiter
FNDA:7,getLimits
FNDA:2,canSend
FNDA:9,recordSend
FNDA:0,getStats
FNDA:1,setAccountAge
FNDA:9,loadStats
FNDA:11,saveStats
FNDA:5,ReconnectionManager
FNDA:21,getNextDelay
FNDA:1,reset
FNDA:0,getState
FNDA:0,checkMessageSafety
FNDA:4,ActivityTracker
FNDA:35,recordSent
FNDA:14,recordReceived
FNDA:4,getResponseRatio
FNDA:2,isSafeToSend
FNDA:2,getStats
FNDA:4,loadStats
FNDA:49,saveStats
FNDA:0,PresenceManager
FNDA:0,setSocket
FNDA:0,isWithinActiveHours
FNDA:0,getRandomDuration
FNDA:0,goOnline
FNDA:0,goOffline
FNDA:0,startPresenceCycle
FNDA:0,stopPresenceCycle
FNDA:0,temporaryOnline
FNDA:0,getStatus
FNDA:0,loadState
FNDA:0,saveState
FNDA:5,BanWarningSystem
FNDA:0,recordDeliverySuccess
FNDA:0,recordDeliveryFailure
FNDA:2,recordRateLimitHit
FNDA:3,recordConnectionDrop
FNDA:0,recordBlocked
FNDA:9,getDeliveryFailureRate
FNDA:7,evaluateRisk
FNDA:1,canSend
FNDA:1,exitHibernation
FNDA:0,resetMetrics
FNDA:2,getMetrics
FNDA:5,loadMetrics
FNDA:5,saveMetrics
FNDA:4,MessageVariator
FNDA:72,vary
FNDA:11,addMinorVariation
FNDA:0,variations
FNDA:4,variations
FNDA:11,varyGreetings
FNDA:11,isIndonesian
FNDA:0,varyIndonesian
FNDA:11,varyPunctuation
FNDA:11,varyWhitespace
FNDA:1,variations
FNDA:11,trackMessage
FNDA:0,isRecentDuplicate
FNDA:0,getSimilarity
FNDA:4,calculateReadDelay
FNDA:0,calculateThinkingDelay
FNDA:0,simulateHumanReading
FNDA:4,MessageScheduler
FNDA:4,enqueue
FNDA:3,processQueue
FNDA:0,messagesSentInBatch
FNDA:2,getStatus
FNDA:1,clear
FNDA:4,DeliveryTracker
FNDA:5,recordSent
FNDA:4,updateStatus
FNDA:1,checkDeliveryHealth
FNDA:4,getDeliveryRate
FNDA:4,getReadRate
FNDA:4,getStats
FNDA:0,cleanup
FNDA:0,destroy
FNDA:0,ActivityRamper
FNDA:0,recordActivity
FNDA:0,getRateMultiplier
FNDA:0,adjustLimit
FNDA:0,getExtraDelay
FNDA:0,getStatus
FNDA:0,loadState
FNDA:0,saveState
FNDA:0,WeekendPatterns
FNDA:0,isWeekend
FNDA:0,isHoliday
FNDA:0,getRateMultiplier
FNDA:0,getDelayMultiplier
FNDA:0,adjustLimit
FNDA:0,adjustDelay
FNDA:0,getStatus
FNDA:0,TypingSimulator
FNDA:0,generateTypingSequence
FNDA:0,executeSequence
FNDA:0,EmojiEnhancer
FNDA:0,maybeAddEmoji
FNDA:4,ContactWarmup
FNDA:3,recordContact
FNDA:1,canMessage
FNDA:3,getContactStatus
FNDA:4,loadContacts
FNDA:3,saveContacts
FNDA:0,GroupBehavior
FNDA:0,isGroup
FNDA:0,shouldRespondInGroup
FNDA:0,adjustDelay
FNDA:0,adjustTypingDuration
FNDA:0,getConfig
FNDA:0,NetworkFingerprint
FNDA:0,recordIP
FNDA:0,fetchExternalIP
FNDA:0,checkNetworkHealth
FNDA:0,getRecommendations
FNDA:0,loadState
FNDA:0,saveState
FNDA:0,ReactionManager
FNDA:0,setSocket
FNDA:0,shouldReact
FNDA:0,getReaction
FNDA:0,pickFrom
FNDA:0,pickWeightedRandom
FNDA:0,maybeReact
FNDA:0,ReplyProbability
FNDA:0,shouldReply
FNDA:0,updateContactPattern
FNDA:0,getSkipReason
FNDA:3,MessageSplitter
FNDA:0,shouldSplit
FNDA:3,split
FNDA:0,getPartDelay
FNDA:0,addContinuationIndicators
FNDA:0,StatusViewer
FNDA:0,setSocket
FNDA:0,startViewing
FNDA:0,stopViewing
FNDA:0,maybeViewStatuses
FNDA:0,viewContactStatus
FNDA:0,getStatus
FNDA:0,loadState
FNDA:0,saveState
FNDA:0,SpamReportDetector
FNDA:0,recordDeliveryFailure
FNDA:0,recordBlock
FNDA:0,recordRateLimit
FNDA:0,recordDeliveryRate
FNDA:0,cleanOldMetrics
FNDA:0,analyzePatterns
FNDA:0,getRecommendation
FNDA:0,getMetrics
FNDA:0,loadMetrics
FNDA:0,saveMetrics
FNDA:0,GeoIPMatcher
FNDA:0,setPhoneNumber
FNDA:0,checkIPCountry
FNDA:0,validateMatch
FNDA:0,getStatus
FNDA:0,ProfileViewer
FNDA:0,setSocket
FNDA:0,maybeViewProfile
FNDA:0,viewProfile
FNDA:0,getStats
FNDA:0,loadState
FNDA:0,saveState
FNDA:0,ForwardHandler
FNDA:0,isForwarded
FNDA:0,getForwardCount
FNDA:0,shouldReplyToForward
FNDA:0,adjustDelay
FNDA:4,ConversationMemory
FNDA:8,recordMessage
FNDA:6,getContext
FNDA:1,isActiveConversation
FNDA:8,updateTopics
FNDA:8,updateSentiment
FNDA:1,getActiveConversations
FNDA:4,loadState
FNDA:8,saveState
FNDA:0,BlockDetector
FNDA:0,setSocket
FNDA:0,recordMessageSent
FNDA:0,recordMessageDelivered
FNDA:0,checkForBlocks
FNDA:0,verifyBlock
FNDA:0,isBlocked
FNDA:0,getStats
FNDA:0,loadState
FNDA:0,saveState
FNDA:0,SessionManager
FNDA:0,ensureBackupDir
FNDA:0,startAutoBackup
FNDA:0,stopAutoBackup
FNDA:0,createBackup
FNDA:0,restoreBackup
FNDA:0,listBackups
FNDA:0,getDirSize
FNDA:0,cleanupOldBackups
FNDA:0,getStatus
FNDA:0,getBackupInfo
FNDA:0,PersistentQueue
FNDA:0,enqueue
FNDA:0,processQueue
FNDA:0,getStatus
FNDA:0,clear
FNDA:0,retryDead
FNDA:0,loadQueue
FNDA:0,saveQueue
FNDA:0,WebhookManager
FNDA:0,send
FNDA:0,addToFailedQueue
FNDA:0,startRetryTimer
FNDA:0,stopRetryTimer
FNDA:0,processFailedQueue
FNDA:0,getStatus
FNDA:0,loadFailedQueue
FNDA:0,saveFailedQueue
FNDA:0,HealthMonitor
FNDA:0,start
FNDA:0,stop
FNDA:0,recordConnectionDrop
FNDA:0,recordDeliveryFailure
FNDA:0,recordRateLimitHit
FNDA:0,recordError
FNDA:0,cleanOldMetrics
FNDA:0,performHealthCheck
FNDA:0,getRecommendation
FNDA:0,getStatus
FNDA:0,loadMetrics
FNDA:0,saveMetrics
FNDA:5,LanguageDetector
FNDA:6,detect
FNDA:2,recordContactLanguage
FNDA:1,getContactLanguage
FNDA:0,isMatchingLanguage
FNDA:0,getStats
FNDA:5,loadState
FNDA:2,saveState
FNDA:3,MessageAnalytics
FNDA:24,recordSent
FNDA:2,recordReceived
FNDA:26,getOrCreateContactStats
FNDA:1,getContactStats
FNDA:2,getPeakHours
FNDA:1,getDailyTrends
FNDA:1,getSummary
FNDA:0,formatDuration
FNDA:3,loadState
FNDA:26,saveState
FNDA:4,ContactScoring
FNDA:33,recordInteraction
FNDA:33,calculateScore
FNDA:6,getScore
FNDA:3,getTier
FNDA:1,getTopContacts
FNDA:0,getContactsNeedingAttention
FNDA:0,getStats
FNDA:4,loadState
FNDA:33,saveState
FNDA:4,SentimentDetector
FNDA:5,analyze
FNDA:5,analyzeEmojis
FNDA:0,recordContactSentiment
FNDA:0,getContactSentiment
FNDA:0,getStats
FNDA:4,loadState
FNDA:0,saveState
FNDA:0,IPWhitelist
FNDA:0,isAllowed
FNDA:0,recordFailedAttempt
FNDA:0,recordSuccess
FNDA:0,isTemporarilyBlocked
FNDA:0,addToWhitelist
FNDA:0,removeFromWhitelist
FNDA:0,addToBlacklist
FNDA:0,normalizeIP
FNDA:0,matchesCIDR
FNDA:0,ipInCIDR
FNDA:0,setEnabled
FNDA:0,getStatus
FNDA:0,loadState
FNDA:0,saveState
FNDA:0,AuditLogger
FNDA:0,log
FNDA:0,logAPICall
FNDA:0,logAuth
FNDA:0,logMessage
FNDA:0,logSecurity
FNDA:0,logSystem
FNDA:0,getLogs
FNDA:0,getSecurityEvents
FNDA:0,getFailedAuths
FNDA:0,getStats
FNDA:0,generateId
FNDA:0,loadState
FNDA:0,saveState
FNDA:0,APIRateLimiter
FNDA:0,checkLimit
FNDA:0,setEndpointLimit
FNDA:0,cleanup
FNDA:0,getStats
FNDA:0,setEnabled
FNDA:0,destroy
FNDA:4,AutoResponder
FNDA:5,addRule
FNDA:0,updateRule
FNDA:0,deleteRule
FNDA:4,checkMessage
FNDA:3,matchesTrigger
FNDA:3,processResponse
FNDA:3,isWithinSchedule
FNDA:0,getRules
FNDA:0,getStats
FNDA:0,setEnabled
FNDA:5,generateId
FNDA:4,loadState
FNDA:8,saveState
FNDA:4,MessageTemplates
FNDA:5,create
FNDA:0,update
FNDA:1,delete
FNDA:2,get
FNDA:1,render
FNDA:5,extractVariables
FNDA:1,getGreeting
FNDA:1,list
FNDA:0,getCategories
FNDA:0,getStats
FNDA:4,loadState
FNDA:6,saveState
FNDA:4,ScheduledMessages
FNDA:5,schedule
FNDA:1,cancel
FNDA:0,start
FNDA:0,stop
FNDA:0,processScheduled
FNDA:0,scheduleRepeat
FNDA:3,getScheduled
FNDA:3,getUpcoming
FNDA:1,getStats
FNDA:5,generateId
FNDA:4,loadState
FNDA:6,saveState
DA:1,1
DA:2,1
DA:3,1
DA:4,1
DA:5,1
DA:6,1
DA:7,1
DA:8,1
DA:9,1
DA:10,1
DA:11,1
DA:12,1
DA:13,1
DA:14,1
DA:15,1
DA:16,1
DA:17,1
DA:18,1
DA:19,1
DA:20,1
DA:21,1
DA:22,1
DA:23,1
DA:24,1
DA:25,1
DA:26,1
DA:27,1
DA:28,1
DA:29,1
DA:30,170
DA:31,170
DA:32,170
DA:33,170
DA:34,170
DA:35,1
DA:36,1
DA:37,1
DA:38,1
DA:39,1
DA:40,1
DA:41,1
DA:42,1
DA:43,1
DA:44,1
DA:45,1
DA:46,5
DA:47,5
DA:48,5
DA:49,5
DA:50,5
DA:51,5
DA:52,5
DA:53,1
DA:54,1
DA:55,1
DA:56,1
DA:57,1
DA:58,1
DA:59,1
DA:60,1
DA:61,1
DA:62,4
DA:63,4
DA:64,4
DA:65,4
DA:66,1
DA:67,1
DA:68,1
DA:69,1
DA:70,1
DA:71,1
DA:72,1
DA:73,1
DA:74,1
DA:75,1
DA:76,1
DA:77,1
DA:78,1
DA:79,1
DA:80,1
DA:81,1
DA:82,1
DA:83,1
DA:84,1
DA:85,1
DA:86,1
DA:87,1
DA:88,1
DA:89,1
DA:90,1
DA:91,1
DA:92,1
DA:93,1
DA:94,1
DA:95,1
DA:96,1
DA:97,1
DA:98,1
DA:99,1
DA:100,1
DA:101,5
DA:102,5
DA:103,5
DA:104,5
DA:105,1
DA:106,1
DA:107,1
DA:108,1
DA:109,1
DA:110,1
DA:111,1
DA:112,0
DA:113,0
DA:114,0
DA:115,0
DA:116,0
DA:117,0
DA:118,0
DA:119,0
DA:120,0
DA:121,0
DA:122,0
DA:123,0
DA:124,0
DA:125,1
DA:126,1
DA:127,1
DA:128,1
DA:129,1
DA:130,1
DA:131,1
DA:132,5
DA:133,0
DA:134,0
DA:135,4
DA:136,4
DA:137,4
DA:138,4
DA:139,4
DA:140,4
DA:141,4
DA:142,4
DA:143,4
DA:144,4
DA:145,4
DA:146,4
DA:147,4
DA:148,4
DA:149,5
DA:150,0
DA:151,0
DA:152,4
DA:153,4
DA:154,4
DA:155,1
DA:156,1
DA:157,1
DA:158,1
DA:159,1
DA:160,1
DA:161,1
DA:162,1
DA:163,1
DA:164,1
DA:165,1
DA:166,1
DA:167,1
DA:168,1
DA:169,1
DA:170,9
DA:171,9
DA:172,9
DA:173,9
DA:174,9
DA:175,9
DA:176,9
DA:177,9
DA:178,9
DA:179,9
DA:180,9
DA:181,9
DA:182,9
DA:183,1
DA:184,1
DA:185,1
DA:186,1
DA:187,1
DA:188,7
DA:189,3
DA:190,3
DA:191,3
DA:192,3
DA:193,3
DA:194,3
DA:195,3
DA:196,3
DA:197,7
DA:198,1
DA:199,1
DA:200,1
DA:201,1
DA:202,1
DA:203,1
DA:204,1
DA:205,1
DA:206,3
DA:207,3
DA:208,3
DA:209,3
DA:210,3
DA:211,3
DA:212,3
DA:213,7
DA:214,1
DA:215,1
DA:216,1
DA:217,1
DA:218,1
DA:219,1
DA:220,2
DA:221,2
DA:222,2
DA:223,2
DA:224,2
DA:225,0
DA:226,0
DA:227,0
DA:228,2
DA:229,2
DA:230,2
DA:231,0
DA:232,0
DA:233,0
DA:234,2
DA:235,2
DA:236,2
DA:237,1
DA:238,1
DA:239,1
DA:240,1
DA:241,1
DA:242,1
DA:243,1
DA:244,1
DA:245,1
DA:246,2
DA:247,0
DA:248,0
DA:249,0
DA:250,0
DA:251,0
DA:252,0
DA:253,0
DA:254,1
DA:255,1
DA:256,1
DA:257,2
DA:258,0
DA:259,0
DA:260,0
DA:261,0
DA:262,0
DA:263,0
DA:264,0
DA:265,1
DA:266,1
DA:267,2
DA:268,1
DA:269,1
DA:270,1
DA:271,1
DA:272,1
DA:273,9
DA:274,9
DA:275,9
DA:276,9
DA:277,9
DA:278,1
DA:279,1
DA:280,1
DA:281,1
DA:282,1
DA:283,0
DA:284,0
DA:285,0
DA:286,0
DA:287,0
DA:288,0
DA:289,0
DA:290,0
DA:291,0
DA:292,0
DA:293,0
DA:294,0
DA:295,0
DA:296,0
DA:297,1
DA:298,1
DA:299,1
DA:300,1
DA:301,1
DA:302,1
DA:303,1
DA:304,1
DA:305,1
DA:306,1
DA:307,1
DA:308,1
DA:309,1
DA:310,9
DA:311,5
DA:312,5
DA:313,5
DA:314,9
DA:315,1
DA:316,1
DA:317,1
DA:318,1
DA:319,1
DA:320,1
DA:321,1
DA:322,1
DA:323,1
DA:324,1
DA:325,1
DA:326,1
DA:327,1
DA:328,1
DA:329,1
DA:330,1
DA:331,1
DA:332,1
DA:333,1
DA:334,1
DA:335,9
DA:336,0
DA:337,0
DA:338,9
DA:339,1
DA:340,1
DA:341,1
DA:342,1
DA:343,1
DA:344,11
DA:345,10
DA:346,10
DA:347,10
DA:348,10
DA:349,10
DA:350,10
DA:351,10
DA:352,10
DA:353,10
DA:354,10
DA:355,10
DA:356,10
DA:357,10
DA:358,11
DA:359,0
DA:360,0
DA:361,11
DA:362,1
DA:363,1
DA:364,1
DA:365,1
DA:366,1
DA:367,1
DA:368,1
DA:369,1
DA:370,1
DA:371,1
DA:372,1
DA:373,1
DA:374,1
DA:375,1
DA:376,5
DA:377,5
DA:378,5
DA:379,5
DA:380,5
DA:381,5
DA:382,5
DA:383,1
DA:384,1
DA:385,1
DA:386,1
DA:387,1
DA:388,1
DA:389,21
DA:390,1
DA:391,1
DA:392,1
DA:393,1
DA:394,1
DA:395,1
DA:396,20
DA:397,20
DA:398,20
DA:399,20
DA:400,20
DA:401,20
DA:402,20
DA:403,20
DA:404,20
DA:405,20
DA:406,20
DA:407,20
DA:408,21
DA:409,21
DA:410,21
DA:411,21
DA:412,21
DA:413,21
DA:414,21
DA:415,21
DA:416,21
DA:417,21
DA:418,1
DA:419,1
DA:420,1
DA:421,1
DA:422,1
DA:423,1
DA:424,1
DA:425,1
DA:426,1
DA:427,1
DA:428,1
DA:429,1
DA:430,0
DA:431,0
DA:432,0
DA:433,0
DA:434,0
DA:435,0
DA:436,1
DA:437,1
DA:438,1
DA:439,1
DA:440,1
DA:441,1
DA:442,1
DA:443,1
DA:444,1
DA:445,1
DA:446,1
DA:447,1
DA:448,1
DA:449,0
DA:450,0
DA:451,0
DA:452,0
DA:453,0
DA:454,0
DA:455,0
DA:456,0
DA:457,0
DA:458,0
DA:459,0
DA:460,0
DA:461,0
DA:462,0
DA:463,0
DA:464,0
DA:465,0
DA:466,0
DA:467,0
DA:468,0
DA:469,0
DA:470,0
DA:471,0
DA:472,0
DA:473,0
DA:474,0
DA:475,0
DA:476,0
DA:477,0
DA:478,0
DA:479,0
DA:480,0
DA:481,0
DA:482,0
DA:483,0
DA:484,0
DA:485,0
DA:486,0
DA:487,1
DA:488,1
DA:489,1
DA:490,1
DA:491,1
DA:492,1
DA:493,1
DA:494,1
DA:495,1
DA:496,1
DA:497,1
DA:498,4
DA:499,4
DA:500,4
DA:501,4
DA:502,4
DA:503,4
DA:504,4
DA:505,1
DA:506,1
DA:507,35
DA:508,35
DA:509,35
DA:510,35
DA:511,1
DA:512,1
DA:513,14
DA:514,14
DA:515,14
DA:516,14
DA:517,1
DA:518,1
DA:519,1
DA:520,1
DA:521,1
DA:522,4
DA:523,4
DA:524,4
DA:525,1
DA:526,1
DA:527,1
DA:528,1
DA:529,1
DA:530,2
DA:531,2
DA:532,1
DA:533,1
DA:534,1
DA:535,1
DA:536,1
DA:537,1
DA:538,2
DA:539,1
DA:540,1
DA:541,2
DA:542,2
DA:543,2
DA:544,2
DA:545,2
DA:546,2
DA:547,2
DA:548,2
DA:549,1
DA:550,1
DA:551,4
DA:552,0
DA:553,0
DA:554,0
DA:555,0
DA:556,0
DA:557,0
DA:558,0
DA:559,0
DA:560,0
DA:561,0
DA:562,0
DA:563,0
DA:564,0
DA:565,4
DA:566,0
DA:567,0
DA:568,4
DA:569,1
DA:570,1
DA:571,49
DA:572,0
DA:573,0
DA:574,0
DA:575,0
DA:576,0
DA:577,0
DA:578,0
DA:579,0
DA:580,0
DA:581,0
DA:582,0
DA:583,0
DA:584,0
DA:585,49
DA:586,1
DA:587,1
DA:588,1
DA:589,1
DA:590,1
DA:591,1
DA:592,1
DA:593,1
DA:594,1
DA:595,1
DA:596,1
DA:597,1
DA:598,1
DA:599,1
DA:600,1
DA:601,1
DA:602,1
DA:603,0
DA:604,0
DA:605,0
DA:606,0
DA:607,0
DA:608,0
DA:609,0
DA:610,0
DA:611,0
DA:612,0
DA:613,0
DA:614,0
DA:615,0
DA:616,0
DA:617,0
DA:618,0
DA:619,0
DA:620,0
DA:621,0
DA:622,0
DA:623,0
DA:624,1
DA:625,1
DA:626,1
DA:627,1
DA:628,1
DA:629,0
DA:630,0
DA:631,1
DA:632,1
DA:633,1
DA:634,1
DA:635,1
DA:636,0
DA:637,0
DA:638,0
DA:639,0
DA:640,0
DA:641,0
DA:642,0
DA:643,1
DA:644,1
DA:645,1
DA:646,1
DA:647,1
DA:648,0
DA:649,0
DA:650,1
DA:651,1
DA:652,1
DA:653,1
DA:654,1
DA:655,0
DA:656,0
DA:657,0
DA:658,0
DA:659,0
DA:660,0
DA:661,0
DA:662,0
DA:663,0
DA:664,0
DA:665,0
DA:666,0
DA:667,1
DA:668,1
DA:669,1
DA:670,1
DA:671,1
DA:672,0
DA:673,0
DA:674,0
DA:675,0
DA:676,0
DA:677,0
DA:678,0
DA:679,0
DA:680,0
DA:681,0
DA:682,0
DA:683,0
DA:684,1
DA:685,1
DA:686,1
DA:687,1
DA:688,1
DA:689,0
DA:690,0
DA:691,0
DA:692,0
DA:693,0
DA:694,0
DA:695,0
DA:696,0
DA:697,0
DA:698,0
DA:699,0
DA:700,0
DA:701,0
DA:702,0
DA:703,0
DA:704,0
DA:705,0
DA:706,0
DA:707,0
DA:708,0
DA:709,0
DA:710,0
DA:711,0
DA:712,0
DA:713,0
DA:714,0
DA:715,0
DA:716,0
DA:717,0
DA:718,0
DA:719,0
DA:720,0
DA:721,0
DA:722,0
DA:723,0
DA:724,0
DA:725,0
DA:726,0
DA:727,0
DA:728,0
DA:729,0
DA:730,0
DA:731,0
DA:732,0
DA:733,0
DA:734,0
DA:735,0
DA:736,1
DA:737,1
DA:738,1
DA:739,1
DA:740,1
DA:741,0
DA:742,0
DA:743,0
DA:744,0
DA:745,0
DA:746,1
DA:747,1
DA:748,1
DA:749,1
DA:750,1
DA:751,0
DA:752,0
DA:753,0
DA:754,0
DA:755,0
DA:756,0
DA:757,0
DA:758,0
DA:759,0
DA:760,0
DA:761,0
DA:762,0
DA:763,0
DA:764,0
DA:765,0
DA:766,0
DA:767,0
DA:768,1
DA:769,1
DA:770,0
DA:771,0
DA:772,0
DA:773,0
DA:774,0
DA:775,0
DA:776,0
DA:777,0
DA:778,1
DA:779,1
DA:780,0
DA:781,0
DA:782,0
DA:783,0
DA:784,0
DA:785,0
DA:786,0
DA:787,0
DA:788,0
DA:789,0
DA:790,0
DA:791,0
DA:792,0
DA:793,1
DA:794,1
DA:795,0
DA:796,0
DA:797,0
DA:798,0
DA:799,0
DA:800,0
DA:801,0
DA:802,0
DA:803,0
DA:804,0
DA:805,0
DA:806,0
DA:807,0
DA:808,1
DA:809,1
DA:810,1
DA:811,1
DA:812,1
DA:813,1
DA:814,1
DA:815,1
DA:816,1
DA:817,1
DA:818,1
DA:819,1
DA:820,1
DA:821,1
DA:822,1
DA:823,1
DA:824,1
DA:825,1
DA:826,5
DA:827,5
DA:828,5
DA:829,5
DA:830,5
DA:831,5
DA:832,5
DA:833,5
DA:834,5
DA:835,5
DA:836,5
DA:837,5
DA:838,5
DA:839,5
DA:840,5
DA:841,5
DA:842,5
DA:843,5
DA:844,5
DA:845,5
DA:846,5
DA:847,5
DA:848,5
DA:849,5
DA:850,5
DA:851,5
DA:852,5
DA:853,5
DA:854,5
DA:855,5
DA:856,5
DA:857,5
DA:858,5
DA:859,5
DA:860,5
DA:861,1
DA:862,1
DA:863,1
DA:864,1
DA:865,1
DA:866,0
DA:867,0
DA:868,0
DA:869,0
DA:870,1
DA:871,1
DA:872,1
DA:873,1
DA:874,1
DA:875,0
DA:876,0
DA:877,0
DA:878,0
DA:879,0
DA:880,0
DA:881,1
DA:882,1
DA:883,1
DA:884,1
DA:885,1
DA:886,2
DA:887,2
DA:888,2
DA:889,2
DA:890,2
DA:891,2
DA:892,1
DA:893,1
DA:894,1
DA:895,1
DA:896,1
DA:897,3
DA:898,3
DA:899,3
DA:900,3
DA:901,1
DA:902,1
DA:903,1
DA:904,1
DA:905,1
DA:906,0
DA:907,0
DA:908,0
DA:909,0
DA:910,0
DA:911,0
DA:912,1
DA:913,1
DA:914,1
DA:915,1
DA:916,1
DA:917,9
DA:918,9
DA:919,0
DA:920,9
DA:921,1
DA:922,1
DA:923,1
DA:924,1
DA:925,1
DA:926,7
DA:927,7
DA:928,7
DA:929,7
DA:930,7
DA:931,7
DA:932,7
DA:933,7
DA:934,7
DA:935,7
DA:936,0
DA:937,0
DA:938,0
DA:939,7
DA:940,7
DA:941,7
DA:942,0
DA:943,0
DA:944,0
DA:945,7
DA:946,7
DA:947,7
DA:948,0
DA:949,0
DA:950,0
DA:951,7
DA:952,7
DA:953,7
DA:954,0
DA:955,0
DA:956,0
DA:957,7
DA:958,7
DA:959,7
DA:960,7
DA:961,0
DA:962,7
DA:963,0
DA:964,7
DA:965,0
DA:966,0
DA:967,7
DA:968,7
DA:969,7
DA:970,0
DA:971,0
DA:972,0
DA:973,0
DA:974,0
DA:975,0
DA:976,0
DA:977,0
DA:978,0
DA:979,0
DA:980,0
DA:981,0
DA:982,0
DA:983,0
DA:984,0
DA:985,0
DA:986,0
DA:987,0
DA:988,0
DA:989,0
DA:990,0
DA:991,0
DA:992,0
DA:993,0
DA:994,0
DA:995,0
DA:996,7
DA:997,7
DA:998,7
DA:999,1
DA:1000,1
DA:1001,1
DA:1002,1
DA:1003,1
DA:1004,1
DA:1005,1
DA:1006,1
DA:1007,1
DA:1008,1
DA:1009,1
DA:1010,0
DA:1011,0
DA:1012,0
DA:1013,0
DA:1014,0
DA:1015,0
DA:1016,0
DA:1017,0
DA:1018,0
DA:1019,1
DA:1020,1
DA:1021,1
DA:1022,1
DA:1023,1
DA:1024,1
DA:1025,1
DA:1026,1
DA:1027,1
DA:1028,1
DA:1029,1
DA:1030,1
DA:1031,1
DA:1032,1
DA:1033,0
DA:1034,0
DA:1035,0
DA:1036,0
DA:1037,0
DA:1038,0
DA:1039,0
DA:1040,0
DA:1041,0
DA:1042,0
DA:1043,0
DA:1044,1
DA:1045,1
DA:1046,2
DA:1047,2
DA:1048,2
DA:1049,2
DA:1050,2
DA:1051,2
DA:1052,2
DA:1053,2
DA:1054,1
DA:1055,1
DA:1056,5
DA:1057,0
DA:1058,0
DA:1059,0
DA:1060,0
DA:1061,0
DA:1062,0
DA:1063,0
DA:1064,0
DA:1065,0
DA:1066,0
DA:1067,0
DA:1068,0
DA:1069,0
DA:1070,0
DA:1071,5
DA:1072,0
DA:1073,0
DA:1074,5
DA:1075,1
DA:1076,1
DA:1077,5
DA:1078,0
DA:1079,0
DA:1080,0
DA:1081,0
DA:1082,0
DA:1083,0
DA:1084,0
DA:1085,0
DA:1086,0
DA:1087,0
DA:1088,0
DA:1089,0
DA:1090,0
DA:1091,5
DA:1092,1
DA:1093,1
DA:1094,1
DA:1095,1
DA:1096,1
DA:1097,1
DA:1098,1
DA:1099,1
DA:1100,1
DA:1101,1
DA:1102,1
DA:1103,1
DA:1104,1
DA:1105,1
DA:1106,4
DA:1107,4
DA:1108,4
DA:1109,4
DA:1110,4
DA:1111,4
DA:1112,4
DA:1113,4
DA:1114,4
DA:1115,4
DA:1116,4
DA:1117,4
DA:1118,4
DA:1119,4
DA:1120,4
DA:1121,4
DA:1122,4
DA:1123,4
DA:1124,4
DA:1125,4
DA:1126,4
DA:1127,4
DA:1128,4
DA:1129,4
DA:1130,4
DA:1131,4
DA:1132,4
DA:1133,4
DA:1134,4
DA:1135,4
DA:1136,4
DA:1137,4
DA:1138,4
DA:1139,1
DA:1140,1
DA:1141,1
DA:1142,1
DA:1143,1
DA:1144,1
DA:1145,1
DA:1146,1
DA:1147,72
DA:1148,22
DA:1149,22
DA:1150,22
DA:1151,22
DA:1152,72
DA:1153,11
DA:1154,11
DA:1155,11
DA:1156,11
DA:1157,11
DA:1158,11
DA:1159,11
DA:1160,72
DA:1161,0
DA:1162,0
DA:1163,11
DA:1164,11
DA:1165,11
DA:1166,11
DA:1167,11
DA:1168,11
DA:1169,11
DA:1170,11
DA:1171,11
DA:1172,11
DA:1173,11
DA:1174,72
DA:1175,1
DA:1176,1
DA:1177,1
DA:1178,1
DA:1179,1
DA:1180,11
DA:1181,11
DA:1182,11
DA:1183,11
DA:1184,11
DA:1185,11
DA:1186,11
DA:1187,0
DA:1188,11
DA:1189,11
DA:1190,11
DA:1191,11
DA:1192,11
DA:1193,11
DA:1194,11
DA:1195,1
DA:1196,1
DA:1197,1
DA:1198,1
DA:1199,1
DA:1200,11
DA:1201,11
DA:1202,11
DA:1203,46
DA:1204,46
DA:1205,5
DA:1206,5
DA:1207,5
DA:1208,5
DA:1209,46
DA:1210,11
DA:1211,11
DA:1212,11
DA:1213,1
DA:1214,1
DA:1215,1
DA:1216,1
DA:1217,1
DA:1218,11
DA:1219,11
DA:1220,11
DA:1221,11
DA:1222,1
DA:1223,1
DA:1224,1
DA:1225,1
DA:1226,1
DA:1227,0
DA:1228,0
DA:1229,0
DA:1230,0
DA:1231,0
DA:1232,0
DA:1233,0
DA:1234,0
DA:1235,0
DA:1236,0
DA:1237,0
DA:1238,0
DA:1239,0
DA:1240,1
DA:1241,1
DA:1242,1
DA:1243,1
DA:1244,1
DA:1245,11
DA:1246,5
DA:1247,5
DA:1248,11
DA:1249,0
DA:1250,0
DA:1251,0
DA:1252,0
DA:1253,5
DA:1254,5
DA:1255,11
DA:1256,1
DA:1257,1
DA:1258,1
DA:1259,1
DA:1260,1
DA:1261,11
DA:1262,5
DA:1263,5
DA:1264,5
DA:1265,5
DA:1266,5
DA:1267,5
DA:1268,5
DA:1269,5
DA:1270,5
DA:1271,11
DA:1272,1
DA:1273,1
DA:1274,1
DA:1275,1
DA:1276,1
DA:1277,11
DA:1278,11
DA:1279,11
DA:1280,11
DA:1281,11
DA:1282,11
DA:1283,11
DA:1284,0
DA:1285,0
DA:1286,11
DA:1287,1
DA:1288,1
DA:1289,1
DA:1290,1
DA:1291,1
DA:1292,0
DA:1293,0
DA:1294,0
DA:1295,0
DA:1296,0
DA:1297,0
DA:1298,0
DA:1299,1
DA:1300,1
DA:1301,1
DA:1302,1
DA:1303,1
DA:1304,0
DA:1305,0
DA:1306,0
DA:1307,0
DA:1308,0
DA:1309,0
DA:1310,0
DA:1311,0
DA:1312,1
DA:1313,1
DA:1314,1
DA:1315,1
DA:1316,1
DA:1317,1
DA:1318,1
DA:1319,1
DA:1320,1
DA:1321,1
DA:1322,1
DA:1323,1
DA:1324,1
DA:1325,1
DA:1326,4
DA:1327,4
DA:1328,4
DA:1329,4
DA:1330,4
DA:1331,4
DA:1332,4
DA:1333,4
DA:1334,4
DA:1335,4
DA:1336,4
DA:1337,4
DA:1338,4
DA:1339,4
DA:1340,4
DA:1341,0
DA:1342,0
DA:1343,4
DA:1344,4
DA:1345,1
DA:1346,1
DA:1347,4
DA:1348,4
DA:1349,4
DA:1350,1
DA:1351,1
DA:1352,1
DA:1353,1
DA:1354,1
DA:1355,1
DA:1356,1
DA:1357,1
DA:1358,1
DA:1359,1
DA:1360,0
DA:1361,0
DA:1362,0
DA:1363,0
DA:1364,0
DA:1365,0
DA:1366,0
DA:1367,0
DA:1368,0
DA:1369,0
DA:1370,0
DA:1371,0
DA:1372,0
DA:1373,0
DA:1374,0
DA:1375,0
DA:1376,1
DA:1377,1
DA:1378,1
DA:1379,1
DA:1380,1
DA:1381,1
DA:1382,1
DA:1383,1
DA:1384,1
DA:1385,1
DA:1386,0
DA:1387,0
DA:1388,0
DA:1389,0
DA:1390,0
DA:1391,0
DA:1392,0
DA:1393,0
DA:1394,0
DA:1395,0
DA:1396,0
DA:1397,1
DA:1398,1
DA:1399,1
DA:1400,1
DA:1401,1
DA:1402,1
DA:1403,1
DA:1404,1
DA:1405,1
DA:1406,1
DA:1407,1
DA:1408,4
DA:1409,4
DA:1410,4
DA:1411,4
DA:1412,4
DA:1413,4
DA:1414,4
DA:1415,4
DA:1416,4
DA:1417,4
DA:1418,4
DA:1419,4
DA:1420,4
DA:1421,4
DA:1422,1
DA:1423,1
DA:1424,1
DA:1425,1
DA:1426,1
DA:1427,4
DA:1428,4
DA:1429,4
DA:1430,4
DA:1431,4
DA:1432,4
DA:1433,4
DA:1434,4
DA:1435,4
DA:1436,4
DA:1437,4
DA:1438,1
DA:1439,4
DA:1440,3
DA:1441,3
DA:1442,4
DA:1443,4
DA:1444,4
DA:1445,4
DA:1446,4
DA:1447,3
DA:1448,3
DA:1449,4
DA:1450,4
DA:1451,4
DA:1452,1
DA:1453,1
DA:1454,1
DA:1455,1
DA:1456,1
DA:1457,3
DA:1458,3
DA:1459,3
DA:1460,3
DA:1461,3
DA:1462,3
DA:1463,3
DA:1464,0
DA:1465,0
DA:1466,0
DA:1467,0
DA:1468,0
DA:1469,3
DA:1470,3
DA:1471,3
DA:1472,3
DA:1473,3
DA:1474,3
DA:1475,1
DA:1476,1
DA:1477,0
DA:1478,2
DA:1479,2
DA:1480,2
DA:1481,2
DA:1482,2
DA:1483,3
DA:1484,0
DA:1485,0
DA:1486,2
DA:1487,2
DA:1488,2
DA:1489,3
DA:1490,0
DA:1491,0
DA:1492,0
DA:1493,0
DA:1494,0
DA:1495,0
DA:1496,0
DA:1497,0
DA:1498,0
DA:1499,3
DA:1500,2
DA:1501,2
DA:1502,3
DA:1503,1
DA:1504,1
DA:1505,1
DA:1506,1
DA:1507,1
DA:1508,2
DA:1509,2
DA:1510,2
DA:1511,2
DA:1512,2
DA:1513,2
DA:1514,2
DA:1515,1
DA:1516,1
DA:1517,1
DA:1518,1
DA:1519,1
DA:1520,1
DA:1521,1
DA:1522,1
DA:1523,1
DA:1524,1
DA:1525,1
DA:1526,1
DA:1527,1
DA:1528,1
DA:1529,1
DA:1530,1
DA:1531,1
DA:1532,1
DA:1533,1
DA:1534,1
DA:1535,4
DA:1536,4
DA:1537,4
DA:1538,4
DA:1539,4
DA:1540,4
DA:1541,4
DA:1542,4
DA:1543,4
DA:1544,4
DA:1545,4
DA:1546,4
DA:1547,4
DA:1548,4
DA:1549,4
DA:1550,4
DA:1551,4
DA:1552,4
DA:1553,4
DA:1554,1
DA:1555,1
DA:1556,1
DA:1557,1
DA:1558,1
DA:1559,5
DA:1560,5
DA:1561,5
DA:1562,5
DA:1563,5
DA:1564,5
DA:1565,5
DA:1566,5
DA:1567,5
DA:1568,5
DA:1569,5
DA:1570,1
DA:1571,1
DA:1572,1
DA:1573,1
DA:1574,1
DA:1575,4
DA:1576,4
DA:1577,4
DA:1578,4
DA:1579,4
DA:1580,4
DA:1581,4
DA:1582,4
DA:1583,4
DA:1584,4
DA:1585,4
DA:1586,0
DA:1587,0
DA:1588,0
DA:1589,0
DA:1590,0
DA:1591,0
DA:1592,4
DA:1593,1
DA:1594,1
DA:1595,1
DA:1596,1
DA:1597,1
DA:1598,1
DA:1599,1
DA:1600,1
DA:1601,1
DA:1602,1
DA:1603,0
DA:1604,0
DA:1605,0
DA:1606,0
DA:1607,0
DA:1608,0
DA:1609,0
DA:1610,0
DA:1611,0
DA:1612,0
DA:1613,0
DA:1614,0
DA:1615,0
DA:1616,0
DA:1617,0
DA:1618,0
DA:1619,0
DA:1620,0
DA:1621,1
DA:1622,1
DA:1623,1
DA:1624,1
DA:1625,1
DA:1626,1
DA:1627,1
DA:1628,1
DA:1629,1
DA:1630,1
DA:1631,1
DA:1632,1
DA:1633,1
DA:1634,4
DA:1635,4
DA:1636,4
DA:1637,1
DA:1638,1
DA:1639,1
DA:1640,1
DA:1641,1
DA:1642,4
DA:1643,3
DA:1644,4
DA:1645,1
DA:1646,1
DA:1647,4
DA:1648,4
DA:1649,4
DA:1650,4
DA:1651,4
DA:1652,4
DA:1653,1
DA:1654,1
DA:1655,1
DA:1656,1
DA:1657,1
DA:1658,0
DA:1659,0
DA:1660,0
DA:1661,0
DA:1662,0
DA:1663,0
DA:1664,0
DA:1665,0
DA:1666,0
DA:1667,1
DA:1668,1
DA:1669,0
DA:1670,0
DA:1671,0
DA:1672,0
DA:1673,1
DA:1674,1
DA:1675,1
DA:1676,1
DA:1677,1
DA:1678,1
DA:1679,1
DA:1680,1
DA:1681,1
DA:1682,1
DA:1683,1
DA:1684,1
DA:1685,0
DA:1686,0
DA:1687,0
DA:1688,0
DA:1689,0
DA:1690,0
DA:1691,0
DA:1692,0
DA:1693,0
DA:1694,0
DA:1695,0
DA:1696,1
DA:1697,1
DA:1698,1
DA:1699,1
DA:1700,1
DA:1701,0
DA:1702,0
DA:1703,0
DA:1704,1
DA:1705,1
DA:1706,1
DA:1707,1
DA:1708,1
DA:1709,0
DA:1710,0
DA:1711,0
DA:1712,0
DA:1713,0
DA:1714,0
DA:1715,0
DA:1716,0
DA:1717,0
DA:1718,0
DA:1719,0
DA:1720,0
DA:1721,0
DA:1722,0
DA:1723,0
DA:1724,0
DA:1725,0
DA:1726,0
DA:1727,0
DA:1728,0
DA:1729,0
DA:1730,0
DA:1731,1
DA:1732,1
DA:1733,1
DA:1734,1
DA:1735,1
DA:1736,0
DA:1737,0
DA:1738,1
DA:1739,1
DA:1740,1
DA:1741,1
DA:1742,1
DA:1743,0
DA:1744,0
DA:1745,0
DA:1746,0
DA:1747,0
DA:1748,0
DA:1749,0
DA:1750,1
DA:1751,1
DA:1752,0
DA:1753,0
DA:1754,0
DA:1755,0
DA:1756,0
DA:1757,0
DA:1758,0
DA:1759,0
DA:1760,0
DA:1761,1
DA:1762,1
DA:1763,0
DA:1764,0
DA:1765,0
DA:1766,0
DA:1767,0
DA:1768,0
DA:1769,0
DA:1770,0
DA:1771,0
DA:1772,0
DA:1773,0
DA:1774,0
DA:1775,1
DA:1776,1
DA:1777,0
DA:1778,0
DA:1779,0
DA:1780,0
DA:1781,0
DA:1782,0
DA:1783,0
DA:1784,0
DA:1785,0
DA:1786,0
DA:1787,0
DA:1788,0
DA:1789,1
DA:1790,1
DA:1791,1
DA:1792,1
DA:1793,1
DA:1794,1
DA:1795,1
DA:1796,1
DA:1797,1
DA:1798,1
DA:1799,1
DA:1800,1
DA:1801,0
DA:1802,0
DA:1803,0
DA:1804,0
DA:1805,0
DA:1806,0
DA:1807,0
DA:1808,0
DA:1809,0
DA:1810,0
DA:1811,0
DA:1812,0
DA:1813,0
DA:1814,0
DA:1815,0
DA:1816,1
DA:1817,1
DA:1818,1
DA:1819,1
DA:1820,1
DA:1821,0
DA:1822,0
DA:1823,0
DA:1824,1
DA:1825,1
DA:1826,1
DA:1827,1
DA:1828,1
DA:1829,0
DA:1830,0
DA:1831,0
DA:1832,0
DA:1833,1
DA:1834,1
DA:1835,1
DA:1836,1
DA:1837,1
DA:1838,0
DA:1839,0
DA:1840,0
DA:1841,0
DA:1842,1
DA:1843,1
DA:1844,1
DA:1845,1
DA:1846,1
DA:1847,0
DA:1848,0
DA:1849,0
DA:1850,0
DA:1851,1
DA:1852,1
DA:1853,1
DA:1854,1
DA:1855,1
DA:1856,0
DA:1857,0
DA:1858,1
DA:1859,1
DA:1860,1
DA:1861,1
DA:1862,1
DA:1863,0
DA:1864,0
DA:1865,1
DA:1866,1
DA:1867,0
DA:1868,0
DA:1869,0
DA:1870,0
DA:1871,0
DA:1872,0
DA:1873,0
DA:1874,0
DA:1875,1
DA:1876,1
DA:1877,1
DA:1878,1
DA:1879,1
DA:1880,1
DA:1881,1
DA:1882,1
DA:1883,1
DA:1884,1
DA:1885,1
DA:1886,1
DA:1887,0
DA:1888,0
DA:1889,0
DA:1890,0
DA:1891,0
DA:1892,1
DA:1893,1
DA:1894,1
DA:1895,1
DA:1896,1
DA:1897,1
DA:1898,1
DA:1899,0
DA:1900,0
DA:1901,0
DA:1902,0
DA:1903,0
DA:1904,0
DA:1905,0
DA:1906,0
DA:1907,0
DA:1908,0
DA:1909,0
DA:1910,0
DA:1911,0
DA:1912,0
DA:1913,0
DA:1914,0
DA:1915,0
DA:1916,0
DA:1917,0
DA:1918,0
DA:1919,0
DA:1920,0
DA:1921,1
DA:1922,1
DA:1923,1
DA:1924,1
DA:1925,1
DA:1926,0
DA:1927,0
DA:1928,0
DA:1929,0
DA:1930,0
DA:1931,0
DA:1932,0
DA:1933,1
DA:1934,1
DA:1935,1
DA:1936,1
DA:1937,1
DA:1938,1
DA:1939,1
DA:1940,1
DA:1941,1
DA:1942,1
DA:1943,1
DA:1944,1
DA:1945,0
DA:1946,0
DA:1947,0
DA:1948,0
DA:1949,0
DA:1950,0
DA:1951,0
DA:1952,0
DA:1953,0
DA:1954,0
DA:1955,0
DA:1956,0
DA:1957,0
DA:1958,0
DA:1959,0
DA:1960,0
DA:1961,1
DA:1962,1
DA:1963,1
DA:1964,1
DA:1965,1
DA:1966,0
DA:1967,0
DA:1968,0
DA:1969,0
DA:1970,0
DA:1971,0
DA:1972,0
DA:1973,0
DA:1974,0
DA:1975,0
DA:1976,0
DA:1977,0
DA:1978,0
DA:1979,0
DA:1980,0
DA:1981,0
DA:1982,0
DA:1983,0
DA:1984,0
DA:1985,0
DA:1986,0
DA:1987,0
DA:1988,0
DA:1989,0
DA:1990,0
DA:1991,0
DA:1992,0
DA:1993,0
DA:1994,0
DA:1995,0
DA:1996,0
DA:1997,0
DA:1998,1
DA:1999,1
DA:2000,1
DA:2001,1
DA:2002,1
DA:2003,1
DA:2004,1
DA:2005,1
DA:2006,1
DA:2007,1
DA:2008,1
DA:2009,1
DA:2010,4
DA:2011,4
DA:2012,4
DA:2013,4
DA:2014,4
DA:2015,4
DA:2016,4
DA:2017,4
DA:2018,4
DA:2019,4
DA:2020,4
DA:2021,1
DA:2022,1
DA:2023,1
DA:2024,1
DA:2025,1
DA:2026,3
DA:2027,3
DA:2028,3
DA:2029,3
DA:2030,1
DA:2031,1
DA:2032,1
DA:2033,1
DA:2034,1
DA:2035,1
DA:2036,1
DA:2037,3
DA:2038,2
DA:2039,2
DA:2040,2
DA:2041,2
DA:2042,2
DA:2043,2
DA:2044,0
DA:2045,0
DA:2046,2
DA:2047,2
DA:2048,2
DA:2049,2
DA:2050,2
DA:2051,2
DA:2052,3
DA:2053,3
DA:2054,3
DA:2055,1
DA:2056,1
DA:2057,1
DA:2058,1
DA:2059,1
DA:2060,1
DA:2061,1
DA:2062,1
DA:2063,1
DA:2064,1
DA:2065,1
DA:2066,1
DA:2067,0
DA:2068,0
DA:2069,0
DA:2070,0
DA:2071,0
DA:2072,0
DA:2073,0
DA:2074,0
DA:2075,0
DA:2076,0
DA:2077,0
DA:2078,0
DA:2079,0
DA:2080,0
DA:2081,0
DA:2082,0
DA:2083,0
DA:2084,0
DA:2085,0
DA:2086,0
DA:2087,0
DA:2088,0
DA:2089,0
DA:2090,0
DA:2091,1
DA:2092,1
DA:2093,1
DA:2094,1
DA:2095,1
DA:2096,1
DA:2097,3
DA:2098,3
DA:2099,2
DA:2100,2
DA:2101,1
DA:2102,1
DA:2103,1
DA:2104,1
DA:2105,1
DA:2106,1
DA:2107,3
DA:2108,3
DA:2109,3
DA:2110,3
DA:2111,3
DA:2112,3
DA:2113,3
DA:2114,1
DA:2115,1
DA:2116,4
DA:2117,4
DA:2118,4
DA:2119,4
DA:2120,4
DA:2121,0
DA:2122,0
DA:2123,0
DA:2124,4
DA:2125,0
DA:2126,0
DA:2127,4
DA:2128,1
DA:2129,1
DA:2130,3
DA:2131,3
DA:2132,3
DA:2133,3
DA:2134,3
DA:2135,3
DA:2136,3
DA:2137,3
DA:2138,3
DA:2139,3
DA:2140,0
DA:2141,0
DA:2142,3
DA:2143,1
DA:2144,1
DA:2145,1
DA:2146,1
DA:2147,1
DA:2148,1
DA:2149,1
DA:2150,1
DA:2151,1
DA:2152,1
DA:2153,1
DA:2154,1
DA:2155,0
DA:2156,0
DA:2157,0
DA:2158,0
DA:2159,0
DA:2160,0
DA:2161,0
DA:2162,0
DA:2163,1
DA:2164,1
DA:2165,1
DA:2166,1
DA:2167,1
DA:2168,0
DA:2169,0
DA:2170,1
DA:2171,1
DA:2172,1
DA:2173,1
DA:2174,1
DA:2175,0
DA:2176,0
DA:2177,1
DA:2178,1
DA:2179,1
DA:2180,1
DA:2181,1
DA:2182,0
DA:2183,0
DA:2184,0
DA:2185,0
DA:2186,0
DA:2187,1
DA:2188,1
DA:2189,1
DA:2190,1
DA:2191,1
DA:2192,0
DA:2193,0
DA:2194,0
DA:2195,0
DA:2196,0
DA:2197,1
DA:2198,1
DA:2199,0
DA:2200,0
DA:2201,0
DA:2202,0
DA:2203,0
DA:2204,0
DA:2205,0
DA:2206,0
DA:2207,1
DA:2208,1
DA:2209,1
DA:2210,1
DA:2211,1
DA:2212,1
DA:2213,1
DA:2214,1
DA:2215,1
DA:2216,1
DA:2217,1
DA:2218,1
DA:2219,0
DA:2220,0
DA:2221,0
DA:2222,0
DA:2223,0
DA:2224,0
DA:2225,0
DA:2226,0
DA:2227,0
DA:2228,0
DA:2229,0
DA:2230,0
DA:2231,0
DA:2232,0
DA:2233,0
DA:2234,1
DA:2235,1
DA:2236,1
DA:2237,1
DA:2238,1
DA:2239,0
DA:2240,0
DA:2241,0
DA:2242,0
DA:2243,0
DA:2244,0
DA:2245,0
DA:2246,0
DA:2247,0
DA:2248,0
DA:2249,0
DA:2250,0
DA:2251,0
DA:2252,0
DA:2253,0
DA:2254,0
DA:2255,0
DA:2256,0
DA:2257,0
DA:2258,0
DA:2259,0
DA:2260,0
DA:2261,0
DA:2262,0
DA:2263,0
DA:2264,0
DA:2265,0
DA:2266,0
DA:2267,1
DA:2268,1
DA:2269,1
DA:2270,1
DA:2271,1
DA:2272,0
DA:2273,0
DA:2274,0
DA:2275,0
DA:2276,1
DA:2277,1
DA:2278,1
DA:2279,1
DA:2280,1
DA:2281,0
DA:2282,0
DA:2283,0
DA:2284,0
DA:2285,0
DA:2286,0
DA:2287,0
DA:2288,0
DA:2289,0
DA:2290,0
DA:2291,0
DA:2292,0
DA:2293,0
DA:2294,0
DA:2295,0
DA:2296,0
DA:2297,0
DA:2298,0
DA:2299,0
DA:2300,0
DA:2301,0
DA:2302,0
DA:2303,0
DA:2304,0
DA:2305,0
DA:2306,0
DA:2307,0
DA:2308,1
DA:2309,1
DA:2310,1
DA:2311,1
DA:2312,1
DA:2313,0
DA:2314,0
DA:2315,0
DA:2316,0
DA:2317,0
DA:2318,0
DA:2319,0
DA:2320,0
DA:2321,0
DA:2322,0
DA:2323,0
DA:2324,1
DA:2325,1
DA:2326,0
DA:2327,0
DA:2328,0
DA:2329,0
DA:2330,0
DA:2331,0
DA:2332,0
DA:2333,0
DA:2334,0
DA:2335,0
DA:2336,0
DA:2337,0
DA:2338,0
DA:2339,1
DA:2340,1
DA:2341,0
DA:2342,0
DA:2343,0
DA:2344,0
DA:2345,0
DA:2346,0
DA:2347,0
DA:2348,0
DA:2349,0
DA:2350,0
DA:2351,0
DA:2352,0
DA:2353,0
DA:2354,1
DA:2355,1
DA:2356,1
DA:2357,1
DA:2358,1
DA:2359,1
DA:2360,1
DA:2361,1
DA:2362,1
DA:2363,1
DA:2364,1
DA:2365,1
DA:2366,0
DA:2367,0
DA:2368,0
DA:2369,0
DA:2370,0
DA:2371,0
DA:2372,0
DA:2373,0
DA:2374,0
DA:2375,0
DA:2376,0
DA:2377,0
DA:2378,0
DA:2379,0
DA:2380,0
DA:2381,0
DA:2382,0
DA:2383,0
DA:2384,0
DA:2385,0
DA:2386,0
DA:2387,0
DA:2388,0
DA:2389,0
DA:2390,0
DA:2391,0
DA:2392,0
DA:2393,1
DA:2394,1
DA:2395,0
DA:2396,0
DA:2397,1
DA:2398,1
DA:2399,1
DA:2400,1
DA:2401,1
DA:2402,0
DA:2403,0
DA:2404,1
DA:2405,1
DA:2406,1
DA:2407,1
DA:2408,1
DA:2409,0
DA:2410,0
DA:2411,0
DA:2412,0
DA:2413,0
DA:2414,0
DA:2415,0
DA:2416,0
DA:2417,0
DA:2418,0
DA:2419,0
DA:2420,0
DA:2421,0
DA:2422,0
DA:2423,0
DA:2424,0
DA:2425,0
DA:2426,0
DA:2427,0
DA:2428,0
DA:2429,0
DA:2430,0
DA:2431,0
DA:2432,0
DA:2433,0
DA:2434,1
DA:2435,1
DA:2436,0
DA:2437,0
DA:2438,1
DA:2439,1
DA:2440,0
DA:2441,0
DA:2442,0
DA:2443,0
DA:2444,0
DA:2445,0
DA:2446,0
DA:2447,1
DA:2448,1
DA:2449,1
DA:2450,1
DA:2451,1
DA:2452,0
DA:2453,0
DA:2454,0
DA:2455,0
DA:2456,0
DA:2457,0
DA:2458,0
DA:2459,0
DA:2460,0
DA:2461,0
DA:2462,0
DA:2463,0
DA:2464,0
DA:2465,0
DA:2466,0
DA:2467,0
DA:2468,0
DA:2469,0
DA:2470,0
DA:2471,0
DA:2472,0
DA:2473,1
DA:2474,1
DA:2475,1
DA:2476,1
DA:2477,1
DA:2478,1
DA:2479,1
DA:2480,1
DA:2481,1
DA:2482,1
DA:2483,1
DA:2484,1
DA:2485,0
DA:2486,0
DA:2487,0
DA:2488,0
DA:2489,0
DA:2490,0
DA:2491,0
DA:2492,0
DA:2493,0
DA:2494,0
DA:2495,0
DA:2496,0
DA:2497,0
DA:2498,0
DA:2499,0
DA:2500,0
DA:2501,0
DA:2502,1
DA:2503,1
DA:2504,1
DA:2505,1
DA:2506,1
DA:2507,0
DA:2508,0
DA:2509,0
DA:2510,0
DA:2511,0
DA:2512,0
DA:2513,0
DA:2514,0
DA:2515,0
DA:2516,0
DA:2517,0
DA:2518,0
DA:2519,0
DA:2520,0
DA:2521,0
DA:2522,0
DA:2523,0
DA:2524,0
DA:2525,0
DA:2526,0
DA:2527,0
DA:2528,0
DA:2529,0
DA:2530,0
DA:2531,0
DA:2532,0
DA:2533,0
DA:2534,0
DA:2535,0
DA:2536,0
DA:2537,0
DA:2538,0
DA:2539,0
DA:2540,0
DA:2541,0
DA:2542,0
DA:2543,0
DA:2544,0
DA:2545,0
DA:2546,0
DA:2547,0
DA:2548,0
DA:2549,0
DA:2550,0
DA:2551,0
DA:2552,0
DA:2553,0
DA:2554,0
DA:2555,1
DA:2556,1
DA:2557,0
DA:2558,0
DA:2559,0
DA:2560,0
DA:2561,0
DA:2562,0
DA:2563,0
DA:2564,0
DA:2565,0
DA:2566,0
DA:2567,1
DA:2568,1
DA:2569,1
DA:2570,1
DA:2571,1
DA:2572,0
DA:2573,0
DA:2574,0
DA:2575,0
DA:2576,0
DA:2577,0
DA:2578,0
DA:2579,0
DA:2580,1
DA:2581,1
DA:2582,1
DA:2583,1
DA:2584,1
DA:2585,1
DA:2586,1
DA:2587,1
DA:2588,1
DA:2589,1
DA:2590,1
DA:2591,1
DA:2592,3
DA:2593,3
DA:2594,3
DA:2595,3
DA:2596,3
DA:2597,1
DA:2598,1
DA:2599,1
DA:2600,1
DA:2601,1
DA:2602,0
DA:2603,0
DA:2604,1
DA:2605,1
DA:2606,1
DA:2607,1
DA:2608,1
DA:2609,3
DA:2610,2
DA:2611,2
DA:2612,1
DA:2613,1
DA:2614,1
DA:2615,1
DA:2616,3
DA:2617,2
DA:2618,1
DA:2619,1
DA:2620,1
DA:2621,1
DA:2622,1
DA:2623,1
DA:2624,1
DA:2625,1
DA:2626,1
DA:2627,1
DA:2628,2
DA:2629,0
DA:2630,0
DA:2631,1
DA:2632,1
DA:2633,1
DA:2634,1
DA:2635,1
DA:2636,6
DA:2637,6
DA:2638,1
DA:2639,1
DA:2640,6
DA:2641,1
DA:2642,1
DA:2643,1
DA:2644,2
DA:2645,0
DA:2646,0
DA:2647,0
DA:2648,0
DA:2649,1
DA:2650,1
DA:2651,2
DA:2652,0
DA:2653,0
DA:2654,1
DA:2655,1
DA:2656,2
DA:2657,0
DA:2658,0
DA:2659,1
DA:2660,1
DA:2661,1
DA:2662,1
DA:2663,1
DA:2664,1
DA:2665,3
DA:2666,1
DA:2667,1
DA:2668,1
DA:2669,1
DA:2670,1
DA:2671,0
DA:2672,0
DA:2673,1
DA:2674,1
DA:2675,1
DA:2676,1
DA:2677,1
DA:2678,0
DA:2679,0
DA:2680,0
DA:2681,0
DA:2682,0
DA:2683,0
DA:2684,0
DA:2685,0
DA:2686,0
DA:2687,0
DA:2688,0
DA:2689,0
DA:2690,1
DA:2691,1
DA:2692,1
DA:2693,1
DA:2694,1
DA:2695,1
DA:2696,1
DA:2697,1
DA:2698,1
DA:2699,1
DA:2700,1
DA:2701,1
DA:2702,0
DA:2703,0
DA:2704,0
DA:2705,0
DA:2706,0
DA:2707,0
DA:2708,0
DA:2709,0
DA:2710,0
DA:2711,0
DA:2712,0
DA:2713,0
DA:2714,0
DA:2715,0
DA:2716,1
DA:2717,1
DA:2718,0
DA:2719,0
DA:2720,1
DA:2721,1
DA:2722,1
DA:2723,1
DA:2724,1
DA:2725,0
DA:2726,0
DA:2727,0
DA:2728,0
DA:2729,0
DA:2730,0
DA:2731,0
DA:2732,0
DA:2733,0
DA:2734,0
DA:2735,1
DA:2736,1
DA:2737,0
DA:2738,0
DA:2739,0
DA:2740,0
DA:2741,0
DA:2742,1
DA:2743,1
DA:2744,1
DA:2745,1
DA:2746,1
DA:2747,0
DA:2748,0
DA:2749,0
DA:2750,0
DA:2751,0
DA:2752,0
DA:2753,0
DA:2754,0
DA:2755,0
DA:2756,0
DA:2757,0
DA:2758,0
DA:2759,1
DA:2760,1
DA:2761,1
DA:2762,1
DA:2763,1
DA:2764,0
DA:2765,0
DA:2766,0
DA:2767,0
DA:2768,0
DA:2769,0
DA:2770,0
DA:2771,0
DA:2772,0
DA:2773,0
DA:2774,0
DA:2775,0
DA:2776,0
DA:2777,0
DA:2778,1
DA:2779,1
DA:2780,0
DA:2781,0
DA:2782,0
DA:2783,0
DA:2784,0
DA:2785,0
DA:2786,1
DA:2787,1
DA:2788,0
DA:2789,0
DA:2790,0
DA:2791,0
DA:2792,0
DA:2793,0
DA:2794,0
DA:2795,0
DA:2796,0
DA:2797,1
DA:2798,1
DA:2799,0
DA:2800,0
DA:2801,0
DA:2802,0
DA:2803,0
DA:2804,0
DA:2805,0
DA:2806,0
DA:2807,0
DA:2808,1
DA:2809,1
DA:2810,1
DA:2811,1
DA:2812,1
DA:2813,1
DA:2814,1
DA:2815,1
DA:2816,1
DA:2817,1
DA:2818,1
DA:2819,1
DA:2820,0
DA:2821,0
DA:2822,0
DA:2823,0
DA:2824,0
DA:2825,0
DA:2826,0
DA:2827,0
DA:2828,0
DA:2829,0
DA:2830,0
DA:2831,0
DA:2832,0
DA:2833,0
DA:2834,0
DA:2835,0
DA:2836,0
DA:2837,0
DA:2838,0
DA:2839,0
DA:2840,0
DA:2841,0
DA:2842,0
DA:2843,0
DA:2844,1
DA:2845,1
DA:2846,1
DA:2847,1
DA:2848,1
DA:2849,0
DA:2850,0
DA:2851,0
DA:2852,0
DA:2853,0
DA:2854,0
DA:2855,0
DA:2856,0
DA:2857,0
DA:2858,1
DA:2859,1
DA:2860,1
DA:2861,1
DA:2862,1
DA:2863,0
DA:2864,0
DA:2865,0
DA:2866,0
DA:2867,0
DA:2868,0
DA:2869,0
DA:2870,0
DA:2871,1
DA:2872,1
DA:2873,1
DA:2874,1
DA:2875,1
DA:2876,0
DA:2877,0
DA:2878,0
DA:2879,0
DA:2880,0
DA:2881,0
DA:2882,0
DA:2883,1
DA:2884,1
DA:2885,1
DA:2886,1
DA:2887,1
DA:2888,0
DA:2889,0
DA:2890,0
DA:2891,0
DA:2892,0
DA:2893,0
DA:2894,0
DA:2895,0
DA:2896,0
DA:2897,0
DA:2898,0
DA:2899,0
DA:2900,0
DA:2901,1
DA:2902,1
DA:2903,1
DA:2904,1
DA:2905,1
DA:2906,0
DA:2907,0
DA:2908,0
DA:2909,0
DA:2910,0
DA:2911,0
DA:2912,0
DA:2913,0
DA:2914,0
DA:2915,0
DA:2916,0
DA:2917,0
DA:2918,1
DA:2919,1
DA:2920,1
DA:2921,1
DA:2922,1
DA:2923,0
DA:2924,0
DA:2925,0
DA:2926,0
DA:2927,0
DA:2928,0
DA:2929,0
DA:2930,0
DA:2931,0
DA:2932,0
DA:2933,0
DA:2934,0
DA:2935,0
DA:2936,0
DA:2937,0
DA:2938,0
DA:2939,0
DA:2940,0
DA:2941,0
DA:2942,0
DA:2943,0
DA:2944,0
DA:2945,0
DA:2946,0
DA:2947,0
DA:2948,0
DA:2949,0
DA:2950,0
DA:2951,0
DA:2952,0
DA:2953,0
DA:2954,0
DA:2955,0
DA:2956,0
DA:2957,0
DA:2958,0
DA:2959,0
DA:2960,0
DA:2961,0
DA:2962,0
DA:2963,0
DA:2964,0
DA:2965,0
DA:2966,0
DA:2967,0
DA:2968,0
DA:2969,0
DA:2970,0
DA:2971,0
DA:2972,0
DA:2973,0
DA:2974,0
DA:2975,0
DA:2976,1
DA:2977,1
DA:2978,0
DA:2979,0
DA:2980,0
DA:2981,0
DA:2982,0
DA:2983,0
DA:2984,0
DA:2985,0
DA:2986,0
DA:2987,0
DA:2988,0
DA:2989,1
DA:2990,1
DA:2991,0
DA:2992,0
DA:2993,0
DA:2994,0
DA:2995,0
DA:2996,0
DA:2997,0
DA:2998,0
DA:2999,0
DA:3000,1
DA:3001,1
DA:3002,0
DA:3003,0
DA:3004,0
DA:3005,0
DA:3006,0
DA:3007,0
DA:3008,0
DA:3009,0
DA:3010,0
DA:3011,0
DA:3012,0
DA:3013,0
DA:3014,1
DA:3015,1
DA:3016,0
DA:3017,0
DA:3018,0
DA:3019,0
DA:3020,0
DA:3021,0
DA:3022,0
DA:3023,0
DA:3024,0
DA:3025,0
DA:3026,0
DA:3027,1
DA:3028,1
DA:3029,1
DA:3030,1
DA:3031,1
DA:3032,1
DA:3033,1
DA:3034,1
DA:3035,1
DA:3036,1
DA:3037,1
DA:3038,1
DA:3039,0
DA:3040,0
DA:3041,0
DA:3042,0
DA:3043,0
DA:3044,0
DA:3045,0
DA:3046,0
DA:3047,0
DA:3048,0
DA:3049,0
DA:3050,0
DA:3051,0
DA:3052,0
DA:3053,0
DA:3054,0
DA:3055,0
DA:3056,0
DA:3057,0
DA:3058,0
DA:3059,0
DA:3060,1
DA:3061,1
DA:3062,1
DA:3063,1
DA:3064,1
DA:3065,0
DA:3066,0
DA:3067,0
DA:3068,0
DA:3069,0
DA:3070,0
DA:3071,0
DA:3072,0
DA:3073,0
DA:3074,0
DA:3075,0
DA:3076,1
DA:3077,1
DA:3078,1
DA:3079,1
DA:3080,1
DA:3081,0
DA:3082,0
DA:3083,0
DA:3084,0
DA:3085,0
DA:3086,0
DA:3087,0
DA:3088,0
DA:3089,0
DA:3090,0
DA:3091,0
DA:3092,0
DA:3093,0
DA:3094,0
DA:3095,0
DA:3096,0
DA:3097,0
DA:3098,0
DA:3099,1
DA:3100,1
DA:3101,1
DA:3102,1
DA:3103,1
DA:3104,0
DA:3105,0
DA:3106,0
DA:3107,0
DA:3108,0
DA:3109,0
DA:3110,0
DA:3111,0
DA:3112,0
DA:3113,0
DA:3114,0
DA:3115,0
DA:3116,0
DA:3117,0
DA:3118,0
DA:3119,0
DA:3120,0
DA:3121,0
DA:3122,0
DA:3123,0
DA:3124,1
DA:3125,1
DA:3126,0
DA:3127,0
DA:3128,0
DA:3129,0
DA:3130,0
DA:3131,0
DA:3132,0
DA:3133,1
DA:3134,1
DA:3135,1
DA:3136,1
DA:3137,1
DA:3138,1
DA:3139,1
DA:3140,1
DA:3141,1
DA:3142,1
DA:3143,1
DA:3144,1
DA:3145,0
DA:3146,0
DA:3147,0
DA:3148,0
DA:3149,0
DA:3150,0
DA:3151,0
DA:3152,1
DA:3153,1
DA:3154,0
DA:3155,0
DA:3156,1
DA:3157,1
DA:3158,1
DA:3159,1
DA:3160,1
DA:3161,0
DA:3162,0
DA:3163,0
DA:3164,0
DA:3165,0
DA:3166,0
DA:3167,0
DA:3168,0
DA:3169,0
DA:3170,0
DA:3171,0
DA:3172,0
DA:3173,0
DA:3174,0
DA:3175,0
DA:3176,0
DA:3177,0
DA:3178,0
DA:3179,0
DA:3180,0
DA:3181,0
DA:3182,0
DA:3183,1
DA:3184,1
DA:3185,1
DA:3186,1
DA:3187,1
DA:3188,0
DA:3189,0
DA:3190,0
DA:3191,0
DA:3192,0
DA:3193,0
DA:3194,0
DA:3195,0
DA:3196,0
DA:3197,0
DA:3198,1
DA:3199,1
DA:3200,0
DA:3201,0
DA:3202,0
DA:3203,0
DA:3204,1
DA:3205,1
DA:3206,0
DA:3207,0
DA:3208,0
DA:3209,0
DA:3210,0
DA:3211,0
DA:3212,0
DA:3213,0
DA:3214,0
DA:3215,0
DA:3216,0
DA:3217,1
DA:3218,1
DA:3219,0
DA:3220,0
DA:3221,0
DA:3222,0
DA:3223,0
DA:3224,0
DA:3225,0
DA:3226,0
DA:3227,0
DA:3228,0
DA:3229,1
DA:3230,1
DA:3231,1
DA:3232,1
DA:3233,1
DA:3234,1
DA:3235,1
DA:3236,1
DA:3237,1
DA:3238,1
DA:3239,1
DA:3240,1
DA:3241,0
DA:3242,0
DA:3243,0
DA:3244,0
DA:3245,0
DA:3246,0
DA:3247,1
DA:3248,1
DA:3249,1
DA:3250,1
DA:3251,1
DA:3252,0
DA:3253,0
DA:3254,0
DA:3255,0
DA:3256,0
DA:3257,0
DA:3258,1
DA:3259,1
DA:3260,1
DA:3261,1
DA:3262,1
DA:3263,0
DA:3264,0
DA:3265,0
DA:3266,0
DA:3267,1
DA:3268,1
DA:3269,1
DA:3270,1
DA:3271,1
DA:3272,0
DA:3273,0
DA:3274,0
DA:3275,0
DA:3276,0
DA:3277,0
DA:3278,0
DA:3279,0
DA:3280,0
DA:3281,0
DA:3282,0
DA:3283,0
DA:3284,0
DA:3285,0
DA:3286,0
DA:3287,0
DA:3288,0
DA:3289,0
DA:3290,0
DA:3291,1
DA:3292,1
DA:3293,1
DA:3294,1
DA:3295,1
DA:3296,0
DA:3297,0
DA:3298,0
DA:3299,0
DA:3300,0
DA:3301,1
DA:3302,1
DA:3303,1
DA:3304,1
DA:3305,1
DA:3306,1
DA:3307,1
DA:3308,1
DA:3309,1
DA:3310,1
DA:3311,1
DA:3312,1
DA:3313,4
DA:3314,4
DA:3315,4
DA:3316,4
DA:3317,4
DA:3318,4
DA:3319,1
DA:3320,1
DA:3321,1
DA:3322,1
DA:3323,1
DA:3324,8
DA:3325,6
DA:3326,6
DA:3327,6
DA:3328,6
DA:3329,8
DA:3330,8
DA:3331,8
DA:3332,8
DA:3333,8
DA:3334,8
DA:3335,8
DA:3336,8
DA:3337,8
DA:3338,8
DA:3339,0
DA:3340,0
DA:3341,8
DA:3342,8
DA:3343,8
DA:3344,8
DA:3345,8
DA:3346,8
DA:3347,8
DA:3348,8
DA:3349,8
DA:3350,8
DA:3351,8
DA:3352,8
DA:3353,1
DA:3354,1
DA:3355,1
DA:3356,1
DA:3357,1
DA:3358,6
DA:3359,6
DA:3360,0
DA:3361,0
DA:3362,0
DA:3363,0
DA:3364,0
DA:3365,0
DA:3366,0
DA:3367,0
DA:3368,6
DA:3369,6
DA:3370,6
DA:3371,6
DA:3372,6
DA:3373,6
DA:3374,6
DA:3375,6
DA:3376,6
DA:3377,6
DA:3378,6
DA:3379,1
DA:3380,1
DA:3381,1
DA:3382,1
DA:3383,1
DA:3384,1
DA:3385,1
DA:3386,1
DA:3387,1
DA:3388,1
DA:3389,1
DA:3390,1
DA:3391,1
DA:3392,1
DA:3393,1
DA:3394,8
DA:3395,8
DA:3396,8
DA:3397,8
DA:3398,8
DA:3399,8
DA:3400,8
DA:3401,8
DA:3402,8
DA:3403,8
DA:3404,8
DA:3405,8
DA:3406,8
DA:3407,8
DA:3408,8
DA:3409,8
DA:3410,48
DA:3411,0
DA:3412,0
DA:3413,48
DA:3414,8
DA:3415,8
DA:3416,8
DA:3417,8
DA:3418,1
DA:3419,1
DA:3420,1
DA:3421,1
DA:3422,1
DA:3423,8
DA:3424,8
DA:3425,8
DA:3426,8
DA:3427,8
DA:3428,8
DA:3429,8
DA:3430,8
DA:3431,0
DA:3432,8
DA:3433,0
DA:3434,0
DA:3435,8
DA:3436,8
DA:3437,1
DA:3438,1
DA:3439,1
DA:3440,1
DA:3441,1
DA:3442,1
DA:3443,1
DA:3444,1
DA:3445,1
DA:3446,3
DA:3447,3
DA:3448,3
DA:3449,3
DA:3450,1
DA:3451,1
DA:3452,1
DA:3453,1
DA:3454,1
DA:3455,4
DA:3456,0
DA:3457,0
DA:3458,0
DA:3459,0
DA:3460,0
DA:3461,0
DA:3462,0
DA:3463,0
DA:3464,0
DA:3465,4
DA:3466,4
DA:3467,1
DA:3468,1
DA:3469,8
DA:3470,0
DA:3471,0
DA:3472,0
DA:3473,0
DA:3474,0
DA:3475,0
DA:3476,0
DA:3477,0
DA:3478,0
DA:3479,0
DA:3480,0
DA:3481,8
DA:3482,1
DA:3483,1
DA:3484,1
DA:3485,1
DA:3486,1
DA:3487,1
DA:3488,1
DA:3489,1
DA:3490,1
DA:3491,1
DA:3492,1
DA:3493,1
DA:3494,0
DA:3495,0
DA:3496,0
DA:3497,0
DA:3498,0
DA:3499,0
DA:3500,0
DA:3501,0
DA:3502,0
DA:3503,0
DA:3504,0
DA:3505,0
DA:3506,0
DA:3507,0
DA:3508,1
DA:3509,1
DA:3510,0
DA:3511,0
DA:3512,1
DA:3513,1
DA:3514,1
DA:3515,1
DA:3516,1
DA:3517,0
DA:3518,0
DA:3519,0
DA:3520,0
DA:3521,0
DA:3522,0
DA:3523,0
DA:3524,0
DA:3525,0
DA:3526,0
DA:3527,0
DA:3528,0
DA:3529,0
DA:3530,0
DA:3531,1
DA:3532,1
DA:3533,1
DA:3534,1
DA:3535,1
DA:3536,0
DA:3537,0
DA:3538,0
DA:3539,0
DA:3540,0
DA:3541,0
DA:3542,0
DA:3543,0
DA:3544,0
DA:3545,0
DA:3546,0
DA:3547,0
DA:3548,0
DA:3549,0
DA:3550,0
DA:3551,0
DA:3552,0
DA:3553,0
DA:3554,0
DA:3555,0
DA:3556,0
DA:3557,0
DA:3558,0
DA:3559,1
DA:3560,1
DA:3561,1
DA:3562,1
DA:3563,1
DA:3564,0
DA:3565,0
DA:3566,0
DA:3567,0
DA:3568,0
DA:3569,0
DA:3570,0
DA:3571,0
DA:3572,0
DA:3573,0
DA:3574,0
DA:3575,0
DA:3576,0
DA:3577,0
DA:3578,0
DA:3579,0
DA:3580,0
DA:3581,0
DA:3582,0
DA:3583,0
DA:3584,1
DA:3585,1
DA:3586,1
DA:3587,1
DA:3588,1
DA:3589,0
DA:3590,0
DA:3591,0
DA:3592,0
DA:3593,0
DA:3594,0
DA:3595,0
DA:3596,0
DA:3597,0
DA:3598,0
DA:3599,0
DA:3600,0
DA:3601,0
DA:3602,0
DA:3603,0
DA:3604,0
DA:3605,0
DA:3606,0
DA:3607,0
DA:3608,0
DA:3609,0
DA:3610,1
DA:3611,1
DA:3612,1
DA:3613,1
DA:3614,1
DA:3615,0
DA:3616,0
DA:3617,1
DA:3618,1
DA:3619,0
DA:3620,0
DA:3621,0
DA:3622,0
DA:3623,0
DA:3624,0
DA:3625,0
DA:3626,1
DA:3627,1
DA:3628,0
DA:3629,0
DA:3630,0
DA:3631,0
DA:3632,0
DA:3633,0
DA:3634,0
DA:3635,0
DA:3636,0
DA:3637,0
DA:3638,1
DA:3639,1
DA:3640,0
DA:3641,0
DA:3642,0
DA:3643,0
DA:3644,0
DA:3645,0
DA:3646,0
DA:3647,0
DA:3648,0
DA:3649,1
DA:3650,1
DA:3651,1
DA:3652,1
DA:3653,1
DA:3654,1
DA:3655,1
DA:3656,1
DA:3657,1
DA:3658,1
DA:3659,1
DA:3660,1
DA:3661,0
DA:3662,0
DA:3663,0
DA:3664,0
DA:3665,0
DA:3666,0
DA:3667,0
DA:3668,0
DA:3669,0
DA:3670,0
DA:3671,0
DA:3672,1
DA:3673,1
DA:3674,0
DA:3675,0
DA:3676,0
DA:3677,0
DA:3678,0
DA:3679,0
DA:3680,0
DA:3681,0
DA:3682,0
DA:3683,1
DA:3684,1
DA:3685,1
DA:3686,1
DA:3687,1
DA:3688,0
DA:3689,0
DA:3690,0
DA:3691,0
DA:3692,0
DA:3693,0
DA:3694,0
DA:3695,0
DA:3696,0
DA:3697,1
DA:3698,1
DA:3699,0
DA:3700,0
DA:3701,0
DA:3702,0
DA:3703,0
DA:3704,1
DA:3705,1
DA:3706,1
DA:3707,1
DA:3708,1
DA:3709,0
DA:3710,0
DA:3711,0
DA:3712,0
DA:3713,0
DA:3714,0
DA:3715,0
DA:3716,0
DA:3717,0
DA:3718,0
DA:3719,0
DA:3720,0
DA:3721,0
DA:3722,0
DA:3723,0
DA:3724,0
DA:3725,0
DA:3726,0
DA:3727,0
DA:3728,0
DA:3729,0
DA:3730,0
DA:3731,1
DA:3732,1
DA:3733,1
DA:3734,1
DA:3735,1
DA:3736,0
DA:3737,0
DA:3738,0
DA:3739,0
DA:3740,0
DA:3741,0
DA:3742,0
DA:3743,0
DA:3744,0
DA:3745,0
DA:3746,0
DA:3747,0
DA:3748,0
DA:3749,0
DA:3750,0
DA:3751,0
DA:3752,0
DA:3753,0
DA:3754,0
DA:3755,0
DA:3756,0
DA:3757,0
DA:3758,1
DA:3759,1
DA:3760,1
DA:3761,1
DA:3762,1
DA:3763,0
DA:3764,0
DA:3765,0
DA:3766,0
DA:3767,0
DA:3768,0
DA:3769,0
DA:3770,0
DA:3771,0
DA:3772,0
DA:3773,0
DA:3774,0
DA:3775,0
DA:3776,0
DA:3777,0
DA:3778,0
DA:3779,0
DA:3780,0
DA:3781,0
DA:3782,0
DA:3783,0
DA:3784,0
DA:3785,1
DA:3786,1
DA:3787,1
DA:3788,1
DA:3789,1
DA:3790,0
DA:3791,0
DA:3792,0
DA:3793,0
DA:3794,0
DA:3795,0
DA:3796,0
DA:3797,0
DA:3798,0
DA:3799,0
DA:3800,0
DA:3801,0
DA:3802,0
DA:3803,0
DA:3804,0
DA:3805,0
DA:3806,0
DA:3807,0
DA:3808,1
DA:3809,1
DA:3810,1
DA:3811,1
DA:3812,1
DA:3813,0
DA:3814,0
DA:3815,0
DA:3816,0
DA:3817,0
DA:3818,0
DA:3819,0
DA:3820,0
DA:3821,0
DA:3822,0
DA:3823,0
DA:3824,0
DA:3825,1
DA:3826,1
DA:3827,0
DA:3828,0
DA:3829,0
DA:3830,0
DA:3831,0
DA:3832,0
DA:3833,0
DA:3834,1
DA:3835,1
DA:3836,1
DA:3837,1
DA:3838,1
DA:3839,0
DA:3840,0
DA:3841,0
DA:3842,0
DA:3843,0
DA:3844,0
DA:3845,0
DA:3846,0
DA:3847,0
DA:3848,1
DA:3849,1
DA:3850,1
DA:3851,1
DA:3852,1
DA:3853,1
DA:3854,1
DA:3855,1
DA:3856,1
DA:3857,1
DA:3858,1
DA:3859,1
DA:3860,0
DA:3861,0
DA:3862,0
DA:3863,0
DA:3864,0
DA:3865,0
DA:3866,0
DA:3867,0
DA:3868,0
DA:3869,0
DA:3870,0
DA:3871,0
DA:3872,0
DA:3873,1
DA:3874,1
DA:3875,1
DA:3876,1
DA:3877,1
DA:3878,0
DA:3879,0
DA:3880,0
DA:3881,0
DA:3882,0
DA:3883,0
DA:3884,0
DA:3885,0
DA:3886,0
DA:3887,0
DA:3888,0
DA:3889,0
DA:3890,0
DA:3891,0
DA:3892,0
DA:3893,0
DA:3894,0
DA:3895,0
DA:3896,0
DA:3897,0
DA:3898,0
DA:3899,0
DA:3900,0
DA:3901,0
DA:3902,0
DA:3903,0
DA:3904,0
DA:3905,0
DA:3906,0
DA:3907,0
DA:3908,1
DA:3909,1
DA:3910,1
DA:3911,1
DA:3912,1
DA:3913,0
DA:3914,0
DA:3915,0
DA:3916,0
DA:3917,0
DA:3918,0
DA:3919,0
DA:3920,0
DA:3921,0
DA:3922,0
DA:3923,0
DA:3924,0
DA:3925,0
DA:3926,0
DA:3927,0
DA:3928,0
DA:3929,0
DA:3930,0
DA:3931,0
DA:3932,0
DA:3933,0
DA:3934,0
DA:3935,0
DA:3936,0
DA:3937,0
DA:3938,0
DA:3939,0
DA:3940,0
DA:3941,0
DA:3942,0
DA:3943,0
DA:3944,0
DA:3945,0
DA:3946,0
DA:3947,0
DA:3948,0
DA:3949,0
DA:3950,0
DA:3951,0
DA:3952,0
DA:3953,0
DA:3954,0
DA:3955,0
DA:3956,0
DA:3957,0
DA:3958,0
DA:3959,0
DA:3960,0
DA:3961,0
DA:3962,0
DA:3963,1
DA:3964,1
DA:3965,1
DA:3966,1
DA:3967,1
DA:3968,0
DA:3969,0
DA:3970,0
DA:3971,0
DA:3972,0
DA:3973,0
DA:3974,0
DA:3975,0
DA:3976,0
DA:3977,0
DA:3978,0
DA:3979,0
DA:3980,0
DA:3981,0
DA:3982,0
DA:3983,0
DA:3984,1
DA:3985,1
DA:3986,1
DA:3987,1
DA:3988,1
DA:3989,0
DA:3990,0
DA:3991,0
DA:3992,1
DA:3993,1
DA:3994,1
DA:3995,1
DA:3996,1
DA:3997,0
DA:3998,0
DA:3999,0
DA:4000,0
DA:4001,0
DA:4002,0
DA:4003,0
DA:4004,0
DA:4005,0
DA:4006,1
DA:4007,1
DA:4008,0
DA:4009,0
DA:4010,0
DA:4011,0
DA:4012,0
DA:4013,0
DA:4014,0
DA:4015,0
DA:4016,0
DA:4017,0
DA:4018,0
DA:4019,0
DA:4020,0
DA:4021,0
DA:4022,1
DA:4023,1
DA:4024,0
DA:4025,0
DA:4026,0
DA:4027,0
DA:4028,0
DA:4029,0
DA:4030,0
DA:4031,1
DA:4032,1
DA:4033,1
DA:4034,1
DA:4035,1
DA:4036,1
DA:4037,1
DA:4038,1
DA:4039,1
DA:4040,1
DA:4041,1
DA:4042,1
DA:4043,0
DA:4044,0
DA:4045,0
DA:4046,0
DA:4047,0
DA:4048,0
DA:4049,0
DA:4050,0
DA:4051,0
DA:4052,0
DA:4053,0
DA:4054,0
DA:4055,0
DA:4056,0
DA:4057,0
DA:4058,0
DA:4059,1
DA:4060,1
DA:4061,1
DA:4062,1
DA:4063,1
DA:4064,0
DA:4065,0
DA:4066,0
DA:4067,0
DA:4068,0
DA:4069,0
DA:4070,0
DA:4071,0
DA:4072,0
DA:4073,0
DA:4074,0
DA:4075,0
DA:4076,0
DA:4077,0
DA:4078,0
DA:4079,0
DA:4080,0
DA:4081,0
DA:4082,0
DA:4083,0
DA:4084,0
DA:4085,0
DA:4086,0
DA:4087,0
DA:4088,0
DA:4089,0
DA:4090,0
DA:4091,0
DA:4092,0
DA:4093,0
DA:4094,0
DA:4095,0
DA:4096,0
DA:4097,0
DA:4098,0
DA:4099,0
DA:4100,0
DA:4101,0
DA:4102,0
DA:4103,0
DA:4104,0
DA:4105,0
DA:4106,0
DA:4107,1
DA:4108,1
DA:4109,1
DA:4110,1
DA:4111,1
DA:4112,0
DA:4113,0
DA:4114,0
DA:4115,0
DA:4116,0
DA:4117,0
DA:4118,0
DA:4119,0
DA:4120,0
DA:4121,1
DA:4122,1
DA:4123,1
DA:4124,1
DA:4125,1
DA:4126,0
DA:4127,0
DA:4128,0
DA:4129,0
DA:4130,0
DA:4131,0
DA:4132,1
DA:4133,1
DA:4134,0
DA:4135,0
DA:4136,0
DA:4137,0
DA:4138,0
DA:4139,1
DA:4140,1
DA:4141,1
DA:4142,1
DA:4143,1
DA:4144,0
DA:4145,0
DA:4146,0
DA:4147,0
DA:4148,0
DA:4149,0
DA:4150,0
DA:4151,0
DA:4152,0
DA:4153,0
DA:4154,0
DA:4155,0
DA:4156,0
DA:4157,0
DA:4158,0
DA:4159,0
DA:4160,0
DA:4161,0
DA:4162,0
DA:4163,0
DA:4164,0
DA:4165,0
DA:4166,0
DA:4167,0
DA:4168,0
DA:4169,0
DA:4170,0
DA:4171,0
DA:4172,0
DA:4173,0
DA:4174,0
DA:4175,0
DA:4176,0
DA:4177,0
DA:4178,0
DA:4179,0
DA:4180,1
DA:4181,1
DA:4182,0
DA:4183,0
DA:4184,0
DA:4185,0
DA:4186,0
DA:4187,0
DA:4188,1
DA:4189,1
DA:4190,0
DA:4191,0
DA:4192,0
DA:4193,0
DA:4194,0
DA:4195,0
DA:4196,0
DA:4197,0
DA:4198,0
DA:4199,0
DA:4200,0
DA:4201,0
DA:4202,1
DA:4203,1
DA:4204,0
DA:4205,0
DA:4206,0
DA:4207,0
DA:4208,0
DA:4209,0
DA:4210,0
DA:4211,0
DA:4212,0
DA:4213,1
DA:4214,1
DA:4215,1
DA:4216,1
DA:4217,1
DA:4218,1
DA:4219,1
DA:4220,1
DA:4221,1
DA:4222,1
DA:4223,1
DA:4224,1
DA:4225,0
DA:4226,0
DA:4227,0
DA:4228,0
DA:4229,0
DA:4230,0
DA:4231,0
DA:4232,0
DA:4233,0
DA:4234,0
DA:4235,0
DA:4236,0
DA:4237,0
DA:4238,0
DA:4239,0
DA:4240,0
DA:4241,0
DA:4242,0
DA:4243,0
DA:4244,0
DA:4245,0
DA:4246,0
DA:4247,0
DA:4248,0
DA:4249,0
DA:4250,0
DA:4251,0
DA:4252,0
DA:4253,0
DA:4254,0
DA:4255,1
DA:4256,1
DA:4257,1
DA:4258,1
DA:4259,1
DA:4260,0
DA:4261,0
DA:4262,0
DA:4263,0
DA:4264,0
DA:4265,0
DA:4266,0
DA:4267,0
DA:4268,0
DA:4269,1
DA:4270,1
DA:4271,0
DA:4272,0
DA:4273,0
DA:4274,0
DA:4275,0
DA:4276,1
DA:4277,1
DA:4278,1
DA:4279,1
DA:4280,1
DA:4281,0
DA:4282,0
DA:4283,0
DA:4284,0
DA:4285,0
DA:4286,1
DA:4287,1
DA:4288,1
DA:4289,1
DA:4290,1
DA:4291,0
DA:4292,0
DA:4293,0
DA:4294,0
DA:4295,1
DA:4296,1
DA:4297,1
DA:4298,1
DA:4299,1
DA:4300,0
DA:4301,0
DA:4302,0
DA:4303,0
DA:4304,1
DA:4305,1
DA:4306,1
DA:4307,1
DA:4308,1
DA:4309,0
DA:4310,0
DA:4311,0
DA:4312,0
DA:4313,1
DA:4314,1
DA:4315,1
DA:4316,1
DA:4317,1
DA:4318,0
DA:4319,0
DA:4320,0
DA:4321,0
DA:4322,0
DA:4323,0
DA:4324,0
DA:4325,1
DA:4326,1
DA:4327,1
DA:4328,1
DA:4329,1
DA:4330,0
DA:4331,0
DA:4332,0
DA:4333,0
DA:4334,0
DA:4335,0
DA:4336,0
DA:4337,0
DA:4338,0
DA:4339,0
DA:4340,0
DA:4341,0
DA:4342,0
DA:4343,0
DA:4344,0
DA:4345,0
DA:4346,0
DA:4347,0
DA:4348,0
DA:4349,0
DA:4350,0
DA:4351,0
DA:4352,0
DA:4353,0
DA:4354,0
DA:4355,0
DA:4356,0
DA:4357,0
DA:4358,0
DA:4359,0
DA:4360,0
DA:4361,0
DA:4362,0
DA:4363,0
DA:4364,0
DA:4365,0
DA:4366,0
DA:4367,0
DA:4368,0
DA:4369,0
DA:4370,0
DA:4371,0
DA:4372,0
DA:4373,0
DA:4374,0
DA:4375,0
DA:4376,0
DA:4377,0
DA:4378,0
DA:4379,0
DA:4380,0
DA:4381,0
DA:4382,0
DA:4383,0
DA:4384,0
DA:4385,0
DA:4386,0
DA:4387,0
DA:4388,0
DA:4389,0
DA:4390,0
DA:4391,0
DA:4392,0
DA:4393,0
DA:4394,0
DA:4395,0
DA:4396,1
DA:4397,1
DA:4398,0
DA:4399,0
DA:4400,0
DA:4401,0
DA:4402,0
DA:4403,0
DA:4404,0
DA:4405,0
DA:4406,0
DA:4407,1
DA:4408,1
DA:4409,0
DA:4410,0
DA:4411,0
DA:4412,0
DA:4413,0
DA:4414,0
DA:4415,0
DA:4416,0
DA:4417,0
DA:4418,0
DA:4419,0
DA:4420,0
DA:4421,1
DA:4422,1
DA:4423,0
DA:4424,0
DA:4425,0
DA:4426,0
DA:4427,0
DA:4428,0
DA:4429,0
DA:4430,0
DA:4431,0
DA:4432,0
DA:4433,0
DA:4434,0
DA:4435,1
DA:4436,1
DA:4437,0
DA:4438,0
DA:4439,0
DA:4440,0
DA:4441,0
DA:4442,0
DA:4443,0
DA:4444,0
DA:4445,0
DA:4446,1
DA:4447,1
DA:4448,1
DA:4449,1
DA:4450,1
DA:4451,1
DA:4452,1
DA:4453,1
DA:4454,1
DA:4455,1
DA:4456,1
DA:4457,1
DA:4458,5
DA:4459,5
DA:4460,5
DA:4461,5
DA:4462,5
DA:4463,5
DA:4464,5
DA:4465,5
DA:4466,5
DA:4467,5
DA:4468,5
DA:4469,5
DA:4470,5
DA:4471,5
DA:4472,5
DA:4473,5
DA:4474,5
DA:4475,5
DA:4476,5
DA:4477,5
DA:4478,5
DA:4479,5
DA:4480,5
DA:4481,5
DA:4482,5
DA:4483,5
DA:4484,5
DA:4485,5
DA:4486,5
DA:4487,5
DA:4488,5
DA:4489,5
DA:4490,5
DA:4491,1
DA:4492,1
DA:4493,1
DA:4494,1
DA:4495,1
DA:4496,6
DA:4497,1
DA:4498,1
DA:4499,5
DA:4500,5
DA:4501,5
DA:4502,6
DA:4503,10
DA:4504,10
DA:4505,70
DA:4506,9
DA:4507,9
DA:4508,70
DA:4509,10
DA:4510,10
DA:4511,5
DA:4512,5
DA:4513,5
DA:4514,5
DA:4515,5
DA:4516,6
DA:4517,10
DA:4518,5
DA:4519,5
DA:4520,5
DA:4521,10
DA:4522,5
DA:4523,5
DA:4524,6
DA:4525,0
DA:4526,0
DA:4527,5
DA:4528,5
DA:4529,5
DA:4530,6
DA:4531,6
DA:4532,6
DA:4533,6
DA:4534,1
DA:4535,1
DA:4536,1
DA:4537,1
DA:4538,1
DA:4539,2
DA:4540,2
DA:4541,2
DA:4542,2
DA:4543,1
DA:4544,1
DA:4545,1
DA:4546,2
DA:4547,2
DA:4548,2
DA:4549,2
DA:4550,2
DA:4551,2
DA:4552,2
DA:4553,2
DA:4554,2
DA:4555,2
DA:4556,2
DA:4557,2
DA:4558,2
DA:4559,2
DA:4560,2
DA:4561,2
DA:4562,2
DA:4563,1
DA:4564,1
DA:4565,1
DA:4566,1
DA:4567,1
DA:4568,1
DA:4569,1
DA:4570,0
DA:4571,0
DA:4572,1
DA:4573,1
DA:4574,1
DA:4575,1
DA:4576,1
DA:4577,1
DA:4578,1
DA:4579,1
DA:4580,1
DA:4581,1
DA:4582,1
DA:4583,1
DA:4584,1
DA:4585,1
DA:4586,1
DA:4587,1
DA:4588,0
DA:4589,0
DA:4590,0
DA:4591,0
DA:4592,0
DA:4593,0
DA:4594,0
DA:4595,0
DA:4596,1
DA:4597,1
DA:4598,0
DA:4599,0
DA:4600,0
DA:4601,0
DA:4602,0
DA:4603,1
DA:4604,1
DA:4605,5
DA:4606,0
DA:4607,0
DA:4608,0
DA:4609,0
DA:4610,0
DA:4611,0
DA:4612,5
DA:4613,5
DA:4614,1
DA:4615,1
DA:4616,2
DA:4617,0
DA:4618,0
DA:4619,0
DA:4620,0
DA:4621,0
DA:4622,0
DA:4623,0
DA:4624,0
DA:4625,0
DA:4626,0
DA:4627,0
DA:4628,2
DA:4629,1
DA:4630,1
DA:4631,1
DA:4632,1
DA:4633,1
DA:4634,1
DA:4635,1
DA:4636,1
DA:4637,1
DA:4638,1
DA:4639,1
DA:4640,1
DA:4641,3
DA:4642,3
DA:4643,3
DA:4644,3
DA:4645,3
DA:4646,3
DA:4647,3
DA:4648,3
DA:4649,3
DA:4650,1
DA:4651,1
DA:4652,1
DA:4653,1
DA:4654,1
DA:4655,24
DA:4656,24
DA:4657,24
DA:4658,24
DA:4659,24
DA:4660,24
DA:4661,24
DA:4662,24
DA:4663,24
DA:4664,24
DA:4665,24
DA:4666,24
DA:4667,0
DA:4668,0
DA:4669,0
DA:4670,24
DA:4671,24
DA:4672,24
DA:4673,24
DA:4674,24
DA:4675,24
DA:4676,24
DA:4677,24
DA:4678,24
DA:4679,24
DA:4680,24
DA:4681,1
DA:4682,1
DA:4683,1
DA:4684,1
DA:4685,1
DA:4686,2
DA:4687,2
DA:4688,2
DA:4689,2
DA:4690,2
DA:4691,2
DA:4692,2
DA:4693,2
DA:4694,2
DA:4695,2
DA:4696,2
DA:4697,2
DA:4698,0
DA:4699,0
DA:4700,2
DA:4701,2
DA:4702,2
DA:4703,2
DA:4704,0
DA:4705,0
DA:4706,2
DA:4707,2
DA:4708,2
DA:4709,2
DA:4710,2
DA:4711,1
DA:4712,1
DA:4713,1
DA:4714,1
DA:4715,1
DA:4716,26
DA:4717,4
DA:4718,4
DA:4719,4
DA:4720,4
DA:4721,4
DA:4722,4
DA:4723,4
DA:4724,4
DA:4725,4
DA:4726,26
DA:4727,26
DA:4728,1
DA:4729,1
DA:4730,1
DA:4731,1
DA:4732,1
DA:4733,1
DA:4734,1
DA:4735,1
DA:4736,1
DA:4737,1
DA:4738,1
DA:4739,1
DA:4740,1
DA:4741,1
DA:4742,1
DA:4743,1
DA:4744,1
DA:4745,1
DA:4746,1
DA:4747,1
DA:4748,1
DA:4749,1
DA:4750,1
DA:4751,1
DA:4752,1
DA:4753,1
DA:4754,1
DA:4755,1
DA:4756,1
DA:4757,2
DA:4758,2
DA:4759,2
DA:4760,2
DA:4761,2
DA:4762,2
DA:4763,2
DA:4764,2
DA:4765,2
DA:4766,2
DA:4767,2
DA:4768,1
DA:4769,1
DA:4770,1
DA:4771,1
DA:4772,1
DA:4773,1
DA:4774,1
DA:4775,1
DA:4776,1
DA:4777,1
DA:4778,1
DA:4779,1
DA:4780,1
DA:4781,1
DA:4782,1
DA:4783,1
DA:4784,1
DA:4785,1
DA:4786,1
DA:4787,1
DA:4788,1
DA:4789,1
DA:4790,1
DA:4791,1
DA:4792,1
DA:4793,1
DA:4794,1
DA:4795,1
DA:4796,2
DA:4797,2
DA:4798,2
DA:4799,2
DA:4800,2
DA:4801,2
DA:4802,1
DA:4803,1
DA:4804,1
DA:4805,1
DA:4806,1
DA:4807,1
DA:4808,1
DA:4809,1
DA:4810,1
DA:4811,1
DA:4812,1
DA:4813,1
DA:4814,1
DA:4815,0
DA:4816,0
DA:4817,0
DA:4818,0
DA:4819,0
DA:4820,1
DA:4821,1
DA:4822,3
DA:4823,0
DA:4824,0
DA:4825,0
DA:4826,0
DA:4827,0
DA:4828,0
DA:4829,0
DA:4830,0
DA:4831,0
DA:4832,3
DA:4833,3
DA:4834,1
DA:4835,1
DA:4836,26
DA:4837,0
DA:4838,0
DA:4839,0
DA:4840,0
DA:4841,0
DA:4842,0
DA:4843,0
DA:4844,0
DA:4845,0
DA:4846,0
DA:4847,0
DA:4848,0
DA:4849,0
DA:4850,0
DA:4851,0
DA:4852,0
DA:4853,0
DA:4854,0
DA:4855,26
DA:4856,1
DA:4857,1
DA:4858,1
DA:4859,1
DA:4860,1
DA:4861,1
DA:4862,1
DA:4863,1
DA:4864,4
DA:4865,4
DA:4866,4
DA:4867,4
DA:4868,4
DA:4869,4
DA:4870,4
DA:4871,4
DA:4872,4
DA:4873,4
DA:4874,4
DA:4875,4
DA:4876,4
DA:4877,1
DA:4878,1
DA:4879,1
DA:4880,1
DA:4881,1
DA:4882,33
DA:4883,4
DA:4884,4
DA:4885,4
DA:4886,4
DA:4887,4
DA:4888,4
DA:4889,4
DA:4890,33
DA:4891,33
DA:4892,33
DA:4893,17
DA:4894,17
DA:4895,33
DA:4896,16
DA:4897,16
DA:4898,16
DA:4899,16
DA:4900,16
DA:4901,16
DA:4902,16
DA:4903,16
DA:4904,16
DA:4905,16
DA:4906,16
DA:4907,33
DA:4908,33
DA:4909,33
DA:4910,33
DA:4911,33
DA:4912,33
DA:4913,33
DA:4914,33
DA:4915,1
DA:4916,1
DA:4917,1
DA:4918,1
DA:4919,1
DA:4920,33
DA:4921,33
DA:4922,33
DA:4923,33
DA:4924,33
DA:4925,33
DA:4926,33
DA:4927,33
DA:4928,33
DA:4929,33
DA:4930,33
DA:4931,33
DA:4932,33
DA:4933,29
DA:4934,29
DA:4935,29
DA:4936,29
DA:4937,29
DA:4938,33
DA:4939,33
DA:4940,33
DA:4941,29
DA:4942,29
DA:4943,29
DA:4944,29
DA:4945,29
DA:4946,33
DA:4947,33
DA:4948,33
DA:4949,33
DA:4950,33
DA:4951,33
DA:4952,33
DA:4953,33
DA:4954,33
DA:4955,33
DA:4956,33
DA:4957,33
DA:4958,33
DA:4959,33
DA:4960,33
DA:4961,33
DA:4962,33
DA:4963,1
DA:4964,1
DA:4965,1
DA:4966,1
DA:4967,1
DA:4968,6
DA:4969,6
DA:4970,1
DA:4971,1
DA:4972,1
DA:4973,1
DA:4974,1
DA:4975,3
DA:4976,3
DA:4977,3
DA:4978,3
DA:4979,3
DA:4980,1
DA:4981,3
DA:4982,1
DA:4983,1
DA:4984,1
DA:4985,1
DA:4986,1
DA:4987,1
DA:4988,1
DA:4989,1
DA:4990,1
DA:4991,2
DA:4992,2
DA:4993,2
DA:4994,2
DA:4995,1
DA:4996,1
DA:4997,1
DA:4998,1
DA:4999,1
DA:5000,1
DA:5001,1
DA:5002,0
DA:5003,0
DA:5004,0
DA:5005,0
DA:5006,0
DA:5007,0
DA:5008,0
DA:5009,0
DA:5010,0
DA:5011,0
DA:5012,0
DA:5013,0
DA:5014,0
DA:5015,0
DA:5016,0
DA:5017,0
DA:5018,0
DA:5019,0
DA:5020,1
DA:5021,1
DA:5022,0
DA:5023,0
DA:5024,0
DA:5025,0
DA:5026,0
DA:5027,0
DA:5028,0
DA:5029,0
DA:5030,0
DA:5031,0
DA:5032,0
DA:5033,0
DA:5034,0
DA:5035,1
DA:5036,1
DA:5037,4
DA:5038,0
DA:5039,0
DA:5040,0
DA:5041,0
DA:5042,0
DA:5043,0
DA:5044,0
DA:5045,4
DA:5046,4
DA:5047,1
DA:5048,1
DA:5049,33
DA:5050,0
DA:5051,0
DA:5052,0
DA:5053,0
DA:5054,0
DA:5055,0
DA:5056,0
DA:5057,0
DA:5058,0
DA:5059,0
DA:5060,33
DA:5061,1
DA:5062,1
DA:5063,1
DA:5064,1
DA:5065,1
DA:5066,1
DA:5067,1
DA:5068,1
DA:5069,4
DA:5070,4
DA:5071,4
DA:5072,4
DA:5073,4
DA:5074,4
DA:5075,4
DA:5076,4
DA:5077,4
DA:5078,4
DA:5079,4
DA:5080,4
DA:5081,4
DA:5082,4
DA:5083,4
DA:5084,4
DA:5085,4
DA:5086,4
DA:5087,4
DA:5088,4
DA:5089,4
DA:5090,4
DA:5091,4
DA:5092,4
DA:5093,4
DA:5094,4
DA:5095,4
DA:5096,4
DA:5097,4
DA:5098,4
DA:5099,4
DA:5100,4
DA:5101,4
DA:5102,4
DA:5103,4
DA:5104,4
DA:5105,4
DA:5106,4
DA:5107,1
DA:5108,1
DA:5109,1
DA:5110,1
DA:5111,1
DA:5112,5
DA:5113,5
DA:5114,5
DA:5115,5
DA:5116,5
DA:5117,5
DA:5118,5
DA:5119,5
DA:5120,5
DA:5121,5
DA:5122,5
DA:5123,28
DA:5124,28
DA:5125,28
DA:5126,28
DA:5127,28
DA:5128,4
DA:5129,4
DA:5130,28
DA:5131,28
DA:5132,28
DA:5133,0
DA:5134,0
DA:5135,28
DA:5136,28
DA:5137,28
DA:5138,5
DA:5139,0
DA:5140,5
DA:5141,5
DA:5142,5
DA:5143,5
DA:5144,28
DA:5145,28
DA:5146,28
DA:5147,6
DA:5148,0
DA:5149,6
DA:5150,6
DA:5151,6
DA:5152,6
DA:5153,28
DA:5154,28
DA:5155,28
DA:5156,28
DA:5157,28
DA:5158,5
DA:5159,5
DA:5160,5
DA:5161,5
DA:5162,5
DA:5163,5
DA:5164,5
DA:5165,5
DA:5166,5
DA:5167,1
DA:5168,1
DA:5169,4
DA:5170,4
DA:5171,4
DA:5172,4
DA:5173,4
DA:5174,5
DA:5175,2
DA:5176,4
DA:5177,4
DA:5178,4
DA:5179,4
DA:5180,4
DA:5181,4
DA:5182,4
DA:5183,4
DA:5184,4
DA:5185,4
DA:5186,4
DA:5187,5
DA:5188,1
DA:5189,1
DA:5190,1
DA:5191,1
DA:5192,1
DA:5193,5
DA:5194,5
DA:5195,5
DA:5196,5
DA:5197,1
DA:5198,1
DA:5199,1
DA:5200,1
DA:5201,1
DA:5202,0
DA:5203,0
DA:5204,0
DA:5205,0
DA:5206,0
DA:5207,0
DA:5208,0
DA:5209,0
DA:5210,0
DA:5211,0
DA:5212,0
DA:5213,0
DA:5214,0
DA:5215,0
DA:5216,0
DA:5217,0
DA:5218,0
DA:5219,0
DA:5220,0
DA:5221,0
DA:5222,0
DA:5223,0
DA:5224,0
DA:5225,0
DA:5226,0
DA:5227,1
DA:5228,1
DA:5229,1
DA:5230,1
DA:5231,1
DA:5232,0
DA:5233,0
DA:5234,0
DA:5235,0
DA:5236,0
DA:5237,0
DA:5238,0
DA:5239,0
DA:5240,0
DA:5241,0
DA:5242,0
DA:5243,0
DA:5244,0
DA:5245,0
DA:5246,0
DA:5247,0
DA:5248,0
DA:5249,0
DA:5250,0
DA:5251,0
DA:5252,0
DA:5253,0
DA:5254,0
DA:5255,0
DA:5256,0
DA:5257,0
DA:5258,0
DA:5259,0
DA:5260,0
DA:5261,0
DA:5262,0
DA:5263,0
DA:5264,0
DA:5265,0
DA:5266,0
DA:5267,1
DA:5268,1
DA:5269,0
DA:5270,0
DA:5271,0
DA:5272,0
DA:5273,1
DA:5274,1
DA:5275,4
DA:5276,0
DA:5277,0
DA:5278,0
DA:5279,0
DA:5280,0
DA:5281,0
DA:5282,4
DA:5283,4
DA:5284,1
DA:5285,1
DA:5286,0
DA:5287,0
DA:5288,0
DA:5289,0
DA:5290,0
DA:5291,0
DA:5292,0
DA:5293,1
DA:5294,1
DA:5295,1
DA:5296,1
DA:5297,1
DA:5298,1
DA:5299,1
DA:5300,1
DA:5301,1
DA:5302,1
DA:5303,1
DA:5304,0
DA:5305,0
DA:5306,0
DA:5307,0
DA:5308,0
DA:5309,0
DA:5310,0
DA:5311,0
DA:5312,0
DA:5313,0
DA:5314,0
DA:5315,0
DA:5316,0
DA:5317,0
DA:5318,0
DA:5319,1
DA:5320,1
DA:5321,1
DA:5322,1
DA:5323,1
DA:5324,0
DA:5325,0
DA:5326,0
DA:5327,0
DA:5328,0
DA:5329,0
DA:5330,0
DA:5331,0
DA:5332,0
DA:5333,0
DA:5334,0
DA:5335,0
DA:5336,0
DA:5337,0
DA:5338,0
DA:5339,0
DA:5340,0
DA:5341,0
DA:5342,0
DA:5343,0
DA:5344,0
DA:5345,0
DA:5346,0
DA:5347,1
DA:5348,1
DA:5349,1
DA:5350,1
DA:5351,1
DA:5352,0
DA:5353,0
DA:5354,0
DA:5355,0
DA:5356,0
DA:5357,0
DA:5358,0
DA:5359,0
DA:5360,0
DA:5361,0
DA:5362,0
DA:5363,0
DA:5364,0
DA:5365,0
DA:5366,0
DA:5367,0
DA:5368,0
DA:5369,0
DA:5370,0
DA:5371,0
DA:5372,0
DA:5373,0
DA:5374,1
DA:5375,1
DA:5376,1
DA:5377,1
DA:5378,1
DA:5379,0
DA:5380,0
DA:5381,0
DA:5382,1
DA:5383,1
DA:5384,1
DA:5385,1
DA:5386,1
DA:5387,0
DA:5388,0
DA:5389,0
DA:5390,0
DA:5391,0
DA:5392,0
DA:5393,0
DA:5394,0
DA:5395,0
DA:5396,0
DA:5397,0
DA:5398,0
DA:5399,0
DA:5400,0
DA:5401,0
DA:5402,0
DA:5403,0
DA:5404,0
DA:5405,1
DA:5406,1
DA:5407,1
DA:5408,1
DA:5409,1
DA:5410,0
DA:5411,0
DA:5412,0
DA:5413,0
DA:5414,1
DA:5415,1
DA:5416,1
DA:5417,1
DA:5418,1
DA:5419,0
DA:5420,0
DA:5421,0
DA:5422,1
DA:5423,1
DA:5424,1
DA:5425,1
DA:5426,1
DA:5427,0
DA:5428,0
DA:5429,0
DA:5430,0
DA:5431,1
DA:5432,1
DA:5433,1
DA:5434,1
DA:5435,1
DA:5436,0
DA:5437,0
DA:5438,0
DA:5439,0
DA:5440,0
DA:5441,0
DA:5442,1
DA:5443,1
DA:5444,1
DA:5445,1
DA:5446,1
DA:5447,0
DA:5448,0
DA:5449,0
DA:5450,0
DA:5451,0
DA:5452,0
DA:5453,0
DA:5454,0
DA:5455,0
DA:5456,0
DA:5457,0
DA:5458,1
DA:5459,1
DA:5460,1
DA:5461,1
DA:5462,1
DA:5463,0
DA:5464,0
DA:5465,0
DA:5466,0
DA:5467,0
DA:5468,0
DA:5469,0
DA:5470,0
DA:5471,0
DA:5472,0
DA:5473,0
DA:5474,0
DA:5475,0
DA:5476,0
DA:5477,0
DA:5478,0
DA:5479,1
DA:5480,1
DA:5481,1
DA:5482,1
DA:5483,1
DA:5484,0
DA:5485,0
DA:5486,0
DA:5487,1
DA:5488,1
DA:5489,0
DA:5490,0
DA:5491,0
DA:5492,0
DA:5493,0
DA:5494,0
DA:5495,0
DA:5496,0
DA:5497,1
DA:5498,1
DA:5499,0
DA:5500,0
DA:5501,0
DA:5502,0
DA:5503,0
DA:5504,0
DA:5505,0
DA:5506,0
DA:5507,0
DA:5508,0
DA:5509,0
DA:5510,1
DA:5511,1
DA:5512,0
DA:5513,0
DA:5514,0
DA:5515,0
DA:5516,0
DA:5517,0
DA:5518,0
DA:5519,0
DA:5520,0
DA:5521,0
DA:5522,0
DA:5523,1
DA:5524,1
DA:5525,1
DA:5526,1
DA:5527,1
DA:5528,1
DA:5529,1
DA:5530,0
DA:5531,0
DA:5532,0
DA:5533,0
DA:5534,0
DA:5535,0
DA:5536,0
DA:5537,1
DA:5538,1
DA:5539,1
DA:5540,1
DA:5541,1
DA:5542,0
DA:5543,0
DA:5544,0
DA:5545,0
DA:5546,0
DA:5547,0
DA:5548,0
DA:5549,0
DA:5550,0
DA:5551,0
DA:5552,0
DA:5553,0
DA:5554,0
DA:5555,0
DA:5556,0
DA:5557,0
DA:5558,0
DA:5559,0
DA:5560,1
DA:5561,1
DA:5562,1
DA:5563,1
DA:5564,1
DA:5565,0
DA:5566,0
DA:5567,0
DA:5568,0
DA:5569,0
DA:5570,0
DA:5571,0
DA:5572,0
DA:5573,0
DA:5574,0
DA:5575,1
DA:5576,1
DA:5577,1
DA:5578,1
DA:5579,1
DA:5580,0
DA:5581,0
DA:5582,0
DA:5583,0
DA:5584,0
DA:5585,0
DA:5586,0
DA:5587,0
DA:5588,1
DA:5589,1
DA:5590,1
DA:5591,1
DA:5592,1
DA:5593,0
DA:5594,0
DA:5595,0
DA:5596,0
DA:5597,0
DA:5598,0
DA:5599,0
DA:5600,0
DA:5601,1
DA:5602,1
DA:5603,1
DA:5604,1
DA:5605,1
DA:5606,0
DA:5607,0
DA:5608,0
DA:5609,0
DA:5610,0
DA:5611,0
DA:5612,0
DA:5613,0
DA:5614,1
DA:5615,1
DA:5616,1
DA:5617,1
DA:5618,1
DA:5619,0
DA:5620,0
DA:5621,0
DA:5622,0
DA:5623,0
DA:5624,0
DA:5625,1
DA:5626,1
DA:5627,1
DA:5628,1
DA:5629,1
DA:5630,0
DA:5631,0
DA:5632,0
DA:5633,0
DA:5634,0
DA:5635,0
DA:5636,0
DA:5637,0
DA:5638,0
DA:5639,0
DA:5640,0
DA:5641,0
DA:5642,0
DA:5643,0
DA:5644,0
DA:5645,0
DA:5646,0
DA:5647,0
DA:5648,0
DA:5649,0
DA:5650,0
DA:5651,1
DA:5652,1
DA:5653,1
DA:5654,1
DA:5655,1
DA:5656,0
DA:5657,0
DA:5658,0
DA:5659,1
DA:5660,1
DA:5661,1
DA:5662,1
DA:5663,1
DA:5664,0
DA:5665,0
DA:5666,0
DA:5667,0
DA:5668,1
DA:5669,1
DA:5670,1
DA:5671,1
DA:5672,1
DA:5673,0
DA:5674,0
DA:5675,0
DA:5676,0
DA:5677,0
DA:5678,0
DA:5679,0
DA:5680,0
DA:5681,0
DA:5682,0
DA:5683,0
DA:5684,0
DA:5685,0
DA:5686,0
DA:5687,0
DA:5688,0
DA:5689,0
DA:5690,0
DA:5691,0
DA:5692,1
DA:5693,1
DA:5694,0
DA:5695,0
DA:5696,1
DA:5697,1
DA:5698,0
DA:5699,0
DA:5700,0
DA:5701,0
DA:5702,0
DA:5703,0
DA:5704,0
DA:5705,0
DA:5706,0
DA:5707,1
DA:5708,1
DA:5709,0
DA:5710,0
DA:5711,0
DA:5712,0
DA:5713,0
DA:5714,0
DA:5715,0
DA:5716,0
DA:5717,0
DA:5718,1
DA:5719,1
DA:5720,1
DA:5721,1
DA:5722,1
DA:5723,1
DA:5724,1
DA:5725,0
DA:5726,0
DA:5727,0
DA:5728,0
DA:5729,0
DA:5730,0
DA:5731,0
DA:5732,0
DA:5733,0
DA:5734,0
DA:5735,0
DA:5736,0
DA:5737,0
DA:5738,0
DA:5739,0
DA:5740,0
DA:5741,1
DA:5742,1
DA:5743,1
DA:5744,1
DA:5745,1
DA:5746,0
DA:5747,0
DA:5748,0
DA:5749,0
DA:5750,0
DA:5751,0
DA:5752,0
DA:5753,0
DA:5754,0
DA:5755,0
DA:5756,0
DA:5757,0
DA:5758,0
DA:5759,0
DA:5760,0
DA:5761,0
DA:5762,0
DA:5763,0
DA:5764,0
DA:5765,0
DA:5766,0
DA:5767,0
DA:5768,0
DA:5769,0
DA:5770,0
DA:5771,0
DA:5772,0
DA:5773,0
DA:5774,0
DA:5775,0
DA:5776,0
DA:5777,0
DA:5778,0
DA:5779,0
DA:5780,0
DA:5781,0
DA:5782,0
DA:5783,1
DA:5784,1
DA:5785,1
DA:5786,1
DA:5787,1
DA:5788,0
DA:5789,0
DA:5790,1
DA:5791,1
DA:5792,1
DA:5793,1
DA:5794,1
DA:5795,0
DA:5796,0
DA:5797,0
DA:5798,0
DA:5799,0
DA:5800,0
DA:5801,0
DA:5802,1
DA:5803,1
DA:5804,1
DA:5805,1
DA:5806,1
DA:5807,0
DA:5808,0
DA:5809,0
DA:5810,0
DA:5811,0
DA:5812,0
DA:5813,1
DA:5814,1
DA:5815,1
DA:5816,1
DA:5817,1
DA:5818,0
DA:5819,0
DA:5820,1
DA:5821,1
DA:5822,0
DA:5823,0
DA:5824,0
DA:5825,0
DA:5826,1
DA:5827,1
DA:5828,1
DA:5829,1
DA:5830,1
DA:5831,1
DA:5832,1
DA:5833,1
DA:5834,1
DA:5835,1
DA:5836,1
DA:5837,4
DA:5838,4
DA:5839,4
DA:5840,4
DA:5841,4
DA:5842,4
DA:5843,4
DA:5844,1
DA:5845,1
DA:5846,1
DA:5847,1
DA:5848,1
DA:5849,5
DA:5850,5
DA:5851,5
DA:5852,5
DA:5853,5
DA:5854,5
DA:5855,5
DA:5856,5
DA:5857,5
DA:5858,5
DA:5859,0
DA:5860,0
DA:5861,5
DA:5862,5
DA:5863,5
DA:5864,5
DA:5865,5
DA:5866,5
DA:5867,5
DA:5868,1
DA:5869,1
DA:5870,1
DA:5871,1
DA:5872,1
DA:5873,0
DA:5874,0
DA:5875,0
DA:5876,0
DA:5877,0
DA:5878,0
DA:5879,0
DA:5880,0
DA:5881,0
DA:5882,1
DA:5883,1
DA:5884,1
DA:5885,1
DA:5886,1
DA:5887,0
DA:5888,0
DA:5889,0
DA:5890,0
DA:5891,0
DA:5892,0
DA:5893,0
DA:5894,1
DA:5895,1
DA:5896,1
DA:5897,1
DA:5898,1
DA:5899,4
DA:5900,3
DA:5901,4
DA:5902,4
DA:5903,4
DA:5904,4
DA:5905,3
DA:5906,3
DA:5907,3
DA:5908,3
DA:5909,3
DA:5910,3
DA:5911,3
DA:5912,3
DA:5913,3
DA:5914,3
DA:5915,3
DA:5916,3
DA:5917,3
DA:5918,3
DA:5919,3
DA:5920,3
DA:5921,3
DA:5922,3
DA:5923,3
DA:5924,3
DA:5925,3
DA:5926,3
DA:5927,3
DA:5928,3
DA:5929,3
DA:5930,0
DA:5931,0
DA:5932,4
DA:5933,1
DA:5934,1
DA:5935,1
DA:5936,1
DA:5937,1
DA:5938,3
DA:5939,0
DA:5940,0
DA:5941,3
DA:5942,3
DA:5943,2
DA:5944,2
DA:5945,1
DA:5946,3
DA:5947,0
DA:5948,0
DA:5949,1
DA:5950,1
DA:5951,1
DA:5952,1
DA:5953,1
DA:5954,1
DA:5955,0
DA:5956,0
DA:5957,1
DA:5958,0
DA:5959,0
DA:5960,0
DA:5961,0
DA:5962,0
DA:5963,0
DA:5964,0
DA:5965,3
DA:5966,1
DA:5967,1
DA:5968,1
DA:5969,1
DA:5970,1
DA:5971,3
DA:5972,3
DA:5973,3
DA:5974,3
DA:5975,3
DA:5976,3
DA:5977,3
DA:5978,3
DA:5979,3
DA:5980,3
DA:5981,3
DA:5982,1
DA:5983,1
DA:5984,1
DA:5985,1
DA:5986,1
DA:5987,3
DA:5988,0
DA:5989,0
DA:5990,0
DA:5991,0
DA:5992,0
DA:5993,0
DA:5994,3
DA:5995,0
DA:5996,0
DA:5997,0
DA:5998,0
DA:5999,3
DA:6000,0
DA:6001,0
DA:6002,3
DA:6003,0
DA:6004,0
DA:6005,0
DA:6006,0
DA:6007,3
DA:6008,1
DA:6009,1
DA:6010,1
DA:6011,1
DA:6012,1
DA:6013,0
DA:6014,0
DA:6015,0
DA:6016,0
DA:6017,0
DA:6018,1
DA:6019,1
DA:6020,0
DA:6021,0
DA:6022,0
DA:6023,0
DA:6024,0
DA:6025,0
DA:6026,0
DA:6027,0
DA:6028,0
DA:6029,0
DA:6030,0
DA:6031,0
DA:6032,1
DA:6033,1
DA:6034,0
DA:6035,0
DA:6036,0
DA:6037,1
DA:6038,1
DA:6039,5
DA:6040,5
DA:6041,1
DA:6042,1
DA:6043,4
DA:6044,0
DA:6045,0
DA:6046,0
DA:6047,0
DA:6048,0
DA:6049,0
DA:6050,0
DA:6051,0
DA:6052,4
DA:6053,4
DA:6054,1
DA:6055,1
DA:6056,8
DA:6057,0
DA:6058,0
DA:6059,0
DA:6060,0
DA:6061,0
DA:6062,0
DA:6063,0
DA:6064,0
DA:6065,0
DA:6066,8
DA:6067,1
DA:6068,1
DA:6069,1
DA:6070,1
DA:6071,1
DA:6072,1
DA:6073,1
DA:6074,4
DA:6075,4
DA:6076,4
DA:6077,4
DA:6078,4
DA:6079,4
DA:6080,1
DA:6081,1
DA:6082,1
DA:6083,1
DA:6084,1
DA:6085,5
DA:6086,5
DA:6087,5
DA:6088,5
DA:6089,5
DA:6090,5
DA:6091,5
DA:6092,5
DA:6093,5
DA:6094,5
DA:6095,5
DA:6096,5
DA:6097,5
DA:6098,5
DA:6099,5
DA:6100,1
DA:6101,1
DA:6102,1
DA:6103,1
DA:6104,1
DA:6105,0
DA:6106,0
DA:6107,0
DA:6108,0
DA:6109,0
DA:6110,0
DA:6111,0
DA:6112,0
DA:6113,0
DA:6114,0
DA:6115,0
DA:6116,0
DA:6117,0
DA:6118,0
DA:6119,0
DA:6120,0
DA:6121,1
DA:6122,1
DA:6123,1
DA:6124,1
DA:6125,1
DA:6126,1
DA:6127,1
DA:6128,1
DA:6129,1
DA:6130,1
DA:6131,1
DA:6132,1
DA:6133,1
DA:6134,1
DA:6135,2
DA:6136,2
DA:6137,1
DA:6138,1
DA:6139,1
DA:6140,1
DA:6141,1
DA:6142,1
DA:6143,1
DA:6144,1
DA:6145,1
DA:6146,1
DA:6147,1
DA:6148,1
DA:6149,2
DA:6150,2
DA:6151,2
DA:6152,1
DA:6153,1
DA:6154,1
DA:6155,1
DA:6156,1
DA:6157,1
DA:6158,1
DA:6159,1
DA:6160,1
DA:6161,1
DA:6162,1
DA:6163,1
DA:6164,1
DA:6165,1
DA:6166,1
DA:6167,1
DA:6168,1
DA:6169,1
DA:6170,1
DA:6171,1
DA:6172,5
DA:6173,5
DA:6174,5
DA:6175,5
DA:6176,1
DA:6177,1
DA:6178,1
DA:6179,1
DA:6180,1
DA:6181,1
DA:6182,1
DA:6183,0
DA:6184,0
DA:6185,0
DA:6186,1
DA:6187,1
DA:6188,1
DA:6189,1
DA:6190,1
DA:6191,1
DA:6192,1
DA:6193,1
DA:6194,1
DA:6195,0
DA:6196,0
DA:6197,1
DA:6198,1
DA:6199,2
DA:6200,2
DA:6201,1
DA:6202,1
DA:6203,1
DA:6204,1
DA:6205,1
DA:6206,1
DA:6207,1
DA:6208,0
DA:6209,0
DA:6210,0
DA:6211,0
DA:6212,0
DA:6213,0
DA:6214,1
DA:6215,1
DA:6216,0
DA:6217,0
DA:6218,0
DA:6219,0
DA:6220,0
DA:6221,0
DA:6222,0
DA:6223,0
DA:6224,0
DA:6225,1
DA:6226,1
DA:6227,4
DA:6228,0
DA:6229,0
DA:6230,0
DA:6231,0
DA:6232,0
DA:6233,0
DA:6234,0
DA:6235,4
DA:6236,4
DA:6237,1
DA:6238,1
DA:6239,6
DA:6240,0
DA:6241,0
DA:6242,0
DA:6243,0
DA:6244,0
DA:6245,0
DA:6246,0
DA:6247,0
DA:6248,6
DA:6249,1
DA:6250,1
DA:6251,1
DA:6252,1
DA:6253,1
DA:6254,1
DA:6255,1
DA:6256,4
DA:6257,4
DA:6258,4
DA:6259,4
DA:6260,4
DA:6261,4
DA:6262,4
DA:6263,4
DA:6264,1
DA:6265,1
DA:6266,1
DA:6267,1
DA:6268,1
DA:6269,5
DA:6270,5
DA:6271,5
DA:6272,5
DA:6273,5
DA:6274,5
DA:6275,5
DA:6276,5
DA:6277,5
DA:6278,5
DA:6279,5
DA:6280,5
DA:6281,5
DA:6282,0
DA:6283,0
DA:6284,5
DA:6285,5
DA:6286,5
DA:6287,5
DA:6288,5
DA:6289,5
DA:6290,1
DA:6291,1
DA:6292,1
DA:6293,1
DA:6294,1
DA:6295,1
DA:6296,1
DA:6297,1
DA:6298,1
DA:6299,0
DA:6300,0
DA:6301,1
DA:6302,1
DA:6303,1
DA:6304,1
DA:6305,1
DA:6306,1
DA:6307,1
DA:6308,1
DA:6309,1
DA:6310,1
DA:6311,0
DA:6312,0
DA:6313,0
DA:6314,0
DA:6315,0
DA:6316,0
DA:6317,1
DA:6318,1
DA:6319,1
DA:6320,1
DA:6321,1
DA:6322,0
DA:6323,0
DA:6324,0
DA:6325,0
DA:6326,0
DA:6327,1
DA:6328,1
DA:6329,1
DA:6330,1
DA:6331,1
DA:6332,0
DA:6333,0
DA:6334,0
DA:6335,0
DA:6336,0
DA:6337,0
DA:6338,0
DA:6339,0
DA:6340,0
DA:6341,0
DA:6342,0
DA:6343,0
DA:6344,0
DA:6345,0
DA:6346,0
DA:6347,0
DA:6348,0
DA:6349,0
DA:6350,0
DA:6351,0
DA:6352,0
DA:6353,0
DA:6354,0
DA:6355,0
DA:6356,0
DA:6357,0
DA:6358,0
DA:6359,1
DA:6360,1
DA:6361,1
DA:6362,1
DA:6363,1
DA:6364,0
DA:6365,0
DA:6366,0
DA:6367,0
DA:6368,0
DA:6369,0
DA:6370,0
DA:6371,0
DA:6372,0
DA:6373,0
DA:6374,0
DA:6375,0
DA:6376,0
DA:6377,0
DA:6378,0
DA:6379,0
DA:6380,0
DA:6381,0
DA:6382,0
DA:6383,1
DA:6384,1
DA:6385,1
DA:6386,1
DA:6387,1
DA:6388,3
DA:6389,3
DA:6390,3
DA:6391,3
DA:6392,3
DA:6393,3
DA:6394,3
DA:6395,0
DA:6396,0
DA:6397,3
DA:6398,3
DA:6399,3
DA:6400,1
DA:6401,1
DA:6402,1
DA:6403,1
DA:6404,1
DA:6405,3
DA:6406,3
DA:6407,1
DA:6408,1
DA:6409,1
DA:6410,1
DA:6411,2
DA:6412,2
DA:6413,1
DA:6414,1
DA:6415,1
DA:6416,1
DA:6417,1
DA:6418,1
DA:6419,1
DA:6420,1
DA:6421,1
DA:6422,1
DA:6423,5
DA:6424,5
DA:6425,1
DA:6426,1
DA:6427,4
DA:6428,4
DA:6429,4
DA:6430,4
DA:6431,0
DA:6432,0
DA:6433,0
DA:6434,4
DA:6435,4
DA:6436,1
DA:6437,1
DA:6438,6
DA:6439,6
DA:6440,6
DA:6441,6
DA:6442,6
DA:6443,6
DA:6444,6
DA:6445,6
DA:6446,6
DA:6447,1
DA:6448,1
DA:6449,1
DA:6450,1
DA:6451,1
DA:6452,1
DA:6453,1
DA:6454,1
DA:6455,1
DA:6456,1
DA:6457,1
DA:6458,1
DA:6459,1
DA:6460,1
DA:6461,1
DA:6462,1
DA:6463,1
DA:6464,1
DA:6465,1
DA:6466,1
DA:6467,1
DA:6468,1
DA:6469,1
DA:6470,1
DA:6471,1
DA:6472,1
DA:6473,1
DA:6474,1
DA:6475,1
DA:6476,1
DA:6477,1
DA:6478,1
DA:6479,1
DA:6480,1
DA:6481,1
DA:6482,1
DA:6483,1
DA:6484,1
DA:6485,1
DA:6486,1
DA:6487,1
DA:6488,1
DA:6489,1
DA:6490,1
DA:6491,1
DA:6492,1
DA:6493,1
DA:6494,1
DA:6495,1
DA:6496,1
DA:6497,1
DA:6498,1
DA:6499,1
DA:6500,1
DA:6501,1
DA:6502,1
DA:6503,1
DA:6504,1
DA:6505,1
DA:6506,1
DA:6507,1
DA:6508,1
LF:6508
LH:3458
BRDA:29,0,0,170
BRDA:45,1,0,5
BRDA:61,2,0,4
BRDA:100,3,0,5
BRDA:104,4,0,1
BRDA:106,5,0,0
BRDA:111,6,0,0
BRDA:132,7,0,0
BRDA:134,8,0,4
BRDA:149,9,0,0
BRDA:151,10,0,4
BRDA:169,11,0,9
BRDA:177,12,0,0
BRDA:187,13,0,7
BRDA:188,14,0,3
BRDA:196,15,0,4
BRDA:197,16,0,1
BRDA:205,17,0,3
BRDA:219,18,0,2
BRDA:224,19,0,0
BRDA:230,20,0,0
BRDA:236,21,0,1
BRDA:246,22,0,0
BRDA:253,23,0,1
BRDA:257,24,0,0
BRDA:257,25,0,0
BRDA:264,26,0,1
BRDA:272,27,0,9
BRDA:301,28,0,1
BRDA:309,29,0,9
BRDA:310,30,0,4
BRDA:310,31,0,5
BRDA:314,32,0,1
BRDA:320,33,0,0
BRDA:321,34,0,0
BRDA:326,35,0,0
BRDA:335,36,0,0
BRDA:343,37,0,11
BRDA:344,38,0,1
BRDA:344,39,0,10
BRDA:358,40,0,0
BRDA:375,41,0,5
BRDA:377,42,0,2
BRDA:378,43,0,3
BRDA:388,44,0,21
BRDA:389,45,0,1
BRDA:395,46,0,20
BRDA:408,47,0,12
BRDA:408,48,0,8
BRDA:422,49,0,1
BRDA:497,50,0,4
BRDA:506,51,0,35
BRDA:512,52,0,14
BRDA:521,53,0,4
BRDA:522,54,0,0
BRDA:529,55,0,2
BRDA:531,56,0,1
BRDA:531,57,0,1
BRDA:540,58,0,2
BRDA:550,59,0,4
BRDA:551,60,0,0
BRDA:565,61,0,0
BRDA:570,62,0,49
BRDA:571,63,0,0
BRDA:825,64,0,5
BRDA:827,65,0,0
BRDA:828,66,0,0
BRDA:885,67,0,2
BRDA:896,68,0,3
BRDA:916,69,0,9
BRDA:918,70,0,0
BRDA:925,71,0,7
BRDA:935,72,0,0
[...]
DA:311,1
DA:312,1
DA:313,1
DA:314,1
DA:315,1
DA:316,1
DA:317,1
DA:318,1
DA:319,1
DA:320,1
DA:321,1
DA:322,1
DA:323,1
DA:324,1
DA:325,1
DA:326,1
DA:327,1
DA:328,1
DA:329,1
DA:330,1
DA:331,1
DA:332,1
DA:333,1
DA:334,1
DA:335,1
DA:336,1
DA:337,1
DA:338,1
DA:339,1
DA:340,1
DA:341,1
DA:342,1
DA:343,1
DA:344,1
DA:345,1
DA:346,1
DA:347,1
DA:348,1
DA:349,1
DA:350,1
DA:351,1
DA:352,1
DA:353,1
DA:354,1
DA:355,1
DA:356,1
DA:357,1
DA:358,1
DA:359,1
DA:360,1
DA:361,1
DA:362,1
DA:363,1
DA:364,1
DA:365,1
DA:366,1
DA:367,1
DA:368,1
DA:369,1
DA:370,1
DA:371,1
DA:372,1
DA:373,1
DA:374,1
DA:375,1
DA:376,1
DA:377,1
DA:378,1
DA:379,1
DA:380,1
DA:381,1
DA:382,1
DA:383,1
DA:384,1
DA:385,1
DA:386,1
DA:387,1
DA:388,1
DA:389,1
DA:390,1
DA:391,1
DA:392,1
DA:393,1
DA:394,1
DA:395,1
DA:396,1
DA:397,1
DA:398,1
DA:399,1
DA:400,1
DA:401,1
DA:402,1
DA:403,1
DA:404,1
DA:405,1
DA:406,1
DA:407,1
DA:408,1
DA:409,1
DA:410,1
DA:411,1
DA:412,1
DA:413,1
DA:414,1
DA:415,1
DA:416,1
DA:417,1
DA:418,1
DA:419,1
DA:420,1
DA:421,1
DA:422,1
DA:423,1
DA:424,1
DA:425,1
DA:426,1
DA:427,1
DA:428,1
DA:429,1
DA:430,1
DA:431,1
DA:432,1
DA:433,1
DA:434,1
DA:435,1
DA:436,1
DA:437,1
DA:438,1
DA:439,1
DA:440,1
DA:441,1
DA:442,1
DA:443,1
DA:444,1
DA:445,1
DA:446,1
DA:447,1
DA:448,1
DA:449,1
DA:450,1
DA:451,1
DA:452,1
DA:453,1
DA:454,1
DA:455,1
DA:456,1
DA:457,1
DA:458,1
DA:459,1
DA:460,1
DA:461,1
DA:462,1
DA:463,1
DA:464,1
DA:465,1
DA:466,1
DA:467,1
DA:468,1
DA:469,1
DA:470,1
DA:471,1
DA:472,1
DA:473,1
DA:474,1
DA:475,1
DA:476,1
DA:477,1
DA:478,1
DA:479,1
DA:480,1
DA:481,1
DA:482,1
DA:483,1
DA:484,1
DA:485,1
DA:486,1
DA:487,1
DA:488,1
DA:489,1
DA:490,1
DA:491,1
DA:492,1
DA:493,1
DA:494,1
DA:495,1
DA:496,1
DA:497,1
DA:498,1
DA:499,1
DA:500,1
DA:501,1
DA:502,1
DA:503,1
DA:504,1
DA:505,1
DA:506,1
DA:507,1
DA:508,1
DA:509,1
DA:510,1
DA:511,1
DA:512,1
DA:513,1
DA:514,1
DA:515,1
DA:516,1
DA:517,1
DA:518,1
DA:519,1
DA:520,1
DA:521,1
DA:522,1
DA:523,1
DA:524,1
DA:525,1
DA:526,1
DA:527,1
DA:528,1
DA:529,1
DA:530,1
DA:531,1
DA:532,1
DA:533,1
DA:534,1
DA:535,1
DA:536,1
DA:537,1
DA:538,1
DA:539,1
DA:540,1
DA:541,1
DA:542,1
DA:543,1
DA:544,1
DA:545,1
DA:546,1
DA:547,1
DA:548,1
DA:549,1
DA:550,1
DA:551,1
DA:552,1
DA:553,1
DA:554,1
DA:555,1
DA:556,1
DA:557,1
DA:558,1
DA:559,1
DA:560,1
DA:561,1
DA:562,1
DA:563,1
DA:564,1
DA:565,1
DA:566,1
DA:567,1
DA:568,1
DA:569,1
DA:570,1
DA:571,1
DA:572,1
DA:573,1
DA:574,1
DA:575,1
DA:576,1
DA:577,1
DA:578,1
DA:579,1
DA:580,1
DA:581,1
DA:582,1
DA:583,1
DA:584,1
DA:585,1
DA:586,1
DA:587,1
DA:588,1
DA:589,1
DA:590,1
DA:591,1
DA:592,1
DA:593,1
DA:594,1
DA:595,1
DA:596,1
DA:597,1
DA:598,1
DA:599,1
DA:600,1
DA:601,1
DA:602,1
DA:603,1
DA:604,1
DA:605,1
DA:606,1
DA:607,1
DA:608,1
DA:609,1
DA:610,1
DA:611,1
DA:612,1
DA:613,1
DA:614,1
DA:615,1
DA:616,1
DA:617,1
DA:618,1
DA:619,1
DA:620,1
DA:621,1
DA:622,1
DA:623,1
DA:624,1
DA:625,1
DA:626,1
DA:627,1
DA:628,1
DA:629,1
DA:630,1
DA:631,1
DA:632,1
DA:633,1
DA:634,1
DA:635,1
DA:636,1
DA:637,1
DA:638,1
DA:639,1
DA:640,1
DA:641,1
DA:642,1
DA:643,1
DA:644,1
DA:645,1
DA:646,1
DA:647,1
DA:648,1
DA:649,1
DA:650,1
DA:651,1
DA:652,1
DA:653,1
DA:654,1
DA:655,1
DA:656,1
DA:657,1
DA:658,1
DA:659,1
DA:660,1
DA:661,1
DA:662,1
DA:663,1
DA:664,1
DA:665,1
DA:666,1
DA:667,1
DA:668,1
DA:669,1
DA:670,1
DA:671,1
DA:672,1
DA:673,1
DA:674,1
DA:675,1
DA:676,1
DA:677,1
DA:678,1
DA:679,1
DA:680,29
DA:681,29
DA:682,29
DA:683,29
DA:684,29
DA:685,29
DA:686,29
DA:687,0
DA:688,29
DA:689,29
DA:690,29
DA:691,29
DA:692,1
DA:693,1
LF:693
LH:692
BRDA:679,0,0,29
BRF:1
BRH:1
end_of_record
TN:
SF:src/webhook-events.js
FN:1,(empty-report)
FNF:1
FNH:0
FNDA:0,(empty-report)
DA:1,0
DA:2,0
DA:3,0
DA:4,0
DA:5,0
DA:6,0
DA:7,0
DA:8,0
DA:9,0
DA:10,0
DA:11,0
DA:12,0
DA:13,0
DA:14,0
DA:15,0
DA:16,0
DA:17,0
DA:18,0
DA:19,0
DA:20,0
DA:21,0
DA:22,0
DA:23,0
DA:24,0
DA:25,0
DA:26,0
DA:27,0
DA:28,0
DA:29,0
DA:30,0
DA:31,0
DA:32,0
DA:33,0
DA:34,0
DA:35,0
DA:36,0
DA:37,0
DA:38,0
DA:39,0
DA:40,0
DA:41,0
DA:42,0
DA:43,0
DA:44,0
DA:45,0
DA:46,0
DA:47,0
DA:48,0
DA:49,0
DA:50,0
DA:51,0
DA:52,0
DA:53,0
DA:54,0
DA:55,0
DA:56,0
DA:57,0
DA:58,0
DA:59,0
DA:60,0
DA:61,0
DA:62,0
DA:63,0
DA:64,0
DA:65,0
DA:66,0
DA:67,0
DA:68,0
DA:69,0
DA:70,0
DA:71,0
DA:72,0
DA:73,0
DA:74,0
DA:75,0
DA:76,0
DA:77,0
DA:78,0
DA:79,0
DA:80,0
DA:81,0
DA:82,0
DA:83,0
DA:84,0
DA:85,0
DA:86,0
DA:87,0
DA:88,0
DA:89,0
DA:90,0
DA:91,0
DA:92,0
DA:93,0
DA:94,0
DA:95,0
DA:96,0
DA:97,0
DA:98,0
DA:99,0
DA:100,0
DA:101,0
DA:102,0
DA:103,0
DA:104,0
DA:105,0
DA:106,0
DA:107,0
DA:108,0
DA:109,0
DA:110,0
DA:111,0
DA:112,0
DA:113,0
DA:114,0
DA:115,0
DA:116,0
DA:117,0
DA:118,0
DA:119,0
DA:120,0
DA:121,0
DA:122,0
DA:123,0
DA:124,0
DA:125,0
DA:126,0
DA:127,0
DA:128,0
DA:129,0
DA:130,0
DA:131,0
DA:132,0
DA:133,0
DA:134,0
DA:135,0
DA:136,0
DA:137,0
DA:138,0
DA:139,0
DA:140,0
DA:141,0
DA:142,0
DA:143,0
DA:144,0
DA:145,0
DA:146,0
DA:147,0
DA:148,0
DA:149,0
DA:150,0
DA:151,0
DA:152,0
DA:153,0
DA:154,0
DA:155,0
DA:156,0
DA:157,0
DA:158,0
DA:159,0
DA:160,0
DA:161,0
DA:162,0
DA:163,0
DA:164,0
DA:165,0
DA:166,0
DA:167,0
DA:168,0
DA:169,0
DA:170,0
DA:171,0
DA:172,0
DA:173,0
DA:174,0
DA:175,0
DA:176,0
DA:177,0
DA:178,0
DA:179,0
DA:180,0
DA:181,0
DA:182,0
DA:183,0
DA:184,0
DA:185,0
DA:186,0
DA:187,0
DA:188,0
DA:189,0
DA:190,0
DA:191,0
DA:192,0
DA:193,0
DA:194,0
DA:195,0
DA:196,0
DA:197,0
DA:198,0
DA:199,0
DA:200,0
DA:201,0
DA:202,0
DA:203,0
DA:204,0
DA:205,0
DA:206,0
DA:207,0
DA:208,0
DA:209,0
DA:210,0
DA:211,0
DA:212,0
DA:213,0
DA:214,0
DA:215,0
DA:216,0
DA:217,0
DA:218,0
DA:219,0
DA:220,0
DA:221,0
DA:222,0
DA:223,0
DA:224,0
DA:225,0
DA:226,0
DA:227,0
DA:228,0
DA:229,0
DA:230,0
DA:231,0
DA:232,0
DA:233,0
DA:234,0
DA:235,0
DA:236,0
DA:237,0
DA:238,0
DA:239,0
DA:240,0
DA:241,0
DA:242,0
DA:243,0
DA:244,0
DA:245,0
DA:246,0
DA:247,0
DA:248,0
DA:249,0
DA:250,0
DA:251,0
DA:252,0
DA:253,0
DA:254,0
DA:255,0
DA:256,0
DA:257,0
DA:258,0
DA:259,0
DA:260,0
DA:261,0
DA:262,0
DA:263,0
DA:264,0
DA:265,0
DA:266,0
DA:267,0
DA:268,0
DA:269,0
DA:270,0
DA:271,0
DA:272,0
DA:273,0
DA:274,0
DA:275,0
DA:276,0
DA:277,0
DA:278,0
DA:279,0
DA:280,0
DA:281,0
DA:282,0
DA:283,0
DA:284,0
DA:285,0
DA:286,0
DA:287,0
DA:288,0
DA:289,0
DA:290,0
DA:291,0
DA:292,0
DA:293,0
DA:294,0
DA:295,0
DA:296,0
DA:297,0
DA:298,0
DA:299,0
DA:300,0
DA:301,0
DA:302,0
DA:303,0
DA:304,0
DA:305,0
DA:306,0
DA:307,0
DA:308,0
DA:309,0
DA:310,0
DA:311,0
DA:312,0
DA:313,0
DA:314,0
DA:315,0
DA:316,0
DA:317,0
DA:318,0
DA:319,0
DA:320,0
DA:321,0
DA:322,0
DA:323,0
DA:324,0
DA:325,0
DA:326,0
DA:327,0
DA:328,0
DA:329,0
DA:330,0
DA:331,0
DA:332,0
DA:333,0
DA:334,0
DA:335,0
DA:336,0
DA:337,0
DA:338,0
DA:339,0
DA:340,0
DA:341,0
DA:342,0
DA:343,0
DA:344,0
DA:345,0
DA:346,0
DA:347,0
DA:348,0
DA:349,0
DA:350,0
DA:351,0
DA:352,0
DA:353,0
DA:354,0
DA:355,0
DA:356,0
DA:357,0
DA:358,0
DA:359,0
DA:360,0
DA:361,0
DA:362,0
DA:363,0
DA:364,0
DA:365,0
DA:366,0
DA:367,0
DA:368,0
DA:369,0
DA:370,0
DA:371,0
DA:372,0
DA:373,0
DA:374,0
DA:375,0
DA:376,0
DA:377,0
DA:378,0
DA:379,0
DA:380,0
DA:381,0
DA:382,0
DA:383,0
DA:384,0
DA:385,0
DA:386,0
DA:387,0
DA:388,0
DA:389,0
DA:390,0
DA:391,0
DA:392,0
DA:393,0
DA:394,0
DA:395,0
DA:396,0
DA:397,0
DA:398,0
DA:399,0
DA:400,0
DA:401,0
DA:402,0
DA:403,0
DA:404,0
DA:405,0
DA:406,0
DA:407,0
DA:408,0
DA:409,0
DA:410,0
DA:411,0
DA:412,0
DA:413,0
DA:414,0
DA:415,0
DA:416,0
DA:417,0
DA:418,0
DA:419,0
DA:420,0
DA:421,0
DA:422,0
DA:423,0
DA:424,0
DA:425,0
DA:426,0
DA:427,0
DA:428,0
DA:429,0
DA:430,0
DA:431,0
DA:432,0
DA:433,0
DA:434,0
DA:435,0
DA:436,0
DA:437,0
DA:438,0
DA:439,0
DA:440,0
DA:441,0
DA:442,0
DA:443,0
DA:444,0
DA:445,0
DA:446,0
DA:447,0
DA:448,0
DA:449,0
DA:450,0
LF:450
LH:0
BRDA:1,0,0,0
BRF:1
BRH:0
end_of_record
TN:
SF:src/whatsapp-webjs.js
FN:1,(empty-report)
FNF:1
FNH:0
FNDA:0,(empty-report)
DA:1,0
DA:2,0
DA:3,0
DA:4,0
DA:5,0
DA:6,0
DA:7,0
DA:8,0
DA:9,0
DA:10,0
DA:11,0
DA:12,0
DA:13,0
DA:14,0
DA:15,0
DA:16,0
DA:17,0
DA:18,0
DA:19,0
DA:20,0
DA:21,0
DA:22,0
DA:23,0
DA:24,0
DA:25,0
DA:26,0
DA:27,0
DA:28,0
DA:29,0
DA:30,0
DA:31,0
DA:32,0
DA:33,0
DA:34,0
DA:35,0
DA:36,0
DA:37,0
DA:38,0
DA:39,0
DA:40,0
DA:41,0
DA:42,0
DA:43,0
DA:44,0
DA:45,0
DA:46,0
DA:47,0
DA:48,0
DA:49,0
DA:50,0
DA:51,0
DA:52,0
DA:53,0
DA:54,0
DA:55,0
DA:56,0
DA:57,0
DA:58,0
DA:59,0
DA:60,0
DA:61,0
DA:62,0
DA:63,0
DA:64,0
DA:65,0
DA:66,0
DA:67,0
DA:68,0
DA:69,0
DA:70,0
DA:71,0
DA:72,0
DA:73,0
DA:74,0
DA:75,0
DA:76,0
DA:77,0
DA:78,0
DA:79,0
DA:80,0
DA:81,0
DA:82,0
DA:83,0
DA:84,0
DA:85,0
DA:86,0
DA:87,0
DA:88,0
DA:89,0
DA:90,0
DA:91,0
DA:92,0
DA:93,0
DA:94,0
DA:95,0
DA:96,0
DA:97,0
DA:98,0
DA:99,0
DA:100,0
DA:101,0
DA:102,0
DA:103,0
DA:104,0
DA:105,0
DA:106,0
DA:107,0
DA:108,0
DA:109,0
DA:110,0
DA:111,0
DA:112,0
DA:113,0
DA:114,0
DA:115,0
DA:116,0
DA:117,0
DA:118,0
DA:119,0
DA:120,0
DA:121,0
DA:122,0
DA:123,0
DA:124,0
DA:125,0
DA:126,0
DA:127,0
DA:128,0
DA:129,0
DA:130,0
DA:131,0
DA:132,0
DA:133,0
DA:134,0
DA:135,0
DA:136,0
DA:137,0
DA:138,0
DA:139,0
DA:140,0
DA:141,0
DA:142,0
DA:143,0
DA:144,0
DA:145,0
DA:146,0
DA:147,0
DA:148,0
DA:149,0
DA:150,0
DA:151,0
DA:152,0
DA:153,0
DA:154,0
DA:155,0
DA:156,0
DA:157,0
DA:158,0
DA:159,0
DA:160,0
DA:161,0
DA:162,0
DA:163,0
DA:164,0
DA:165,0
DA:166,0
DA:167,0
DA:168,0
DA:169,0
DA:170,0
DA:171,0
DA:172,0
DA:173,0
DA:174,0
DA:175,0
DA:176,0
DA:177,0
DA:178,0
DA:179,0
DA:180,0
DA:181,0
DA:182,0
DA:183,0
DA:184,0
DA:185,0
DA:186,0
DA:187,0
DA:188,0
DA:189,0
DA:190,0
DA:191,0
DA:192,0
DA:193,0
DA:194,0
DA:195,0
DA:196,0
DA:197,0
DA:198,0
DA:199,0
DA:200,0
DA:201,0
DA:202,0
DA:203,0
DA:204,0
DA:205,0
DA:206,0
DA:207,0
DA:208,0
DA:209,0
DA:210,0
DA:211,0
DA:212,0
DA:213,0
DA:214,0
DA:215,0
DA:216,0
DA:217,0
DA:218,0
DA:219,0
DA:220,0
DA:221,0
DA:222,0
DA:223,0
DA:224,0
DA:225,0
DA:226,0
DA:227,0
DA:228,0
DA:229,0
DA:230,0
LF:230
LH:0
BRDA:1,0,0,0
BRF:1
BRH:0
end_of_record
TN:
SF:src/whatsapp.js
FN:1,(empty-report)
FNF:1
FNH:0
FNDA:0,(empty-report)
DA:1,0
DA:2,0
DA:3,0
DA:4,0
DA:5,0
DA:6,0
DA:7,0
DA:8,0
DA:9,0
DA:10,0
DA:11,0
DA:12,0
DA:13,0
DA:14,0
DA:15,0
DA:16,0
DA:17,0
DA:18,0
DA:19,0
DA:20,0
DA:21,0
DA:22,0
DA:23,0
DA:24,0
DA:25,0
DA:26,0
DA:27,0
DA:28,0
DA:29,0
DA:30,0
DA:31,0
DA:32,0
DA:33,0
DA:34,0
DA:35,0
DA:36,0
DA:37,0
DA:38,0
DA:39,0
DA:40,0
DA:41,0
DA:42,0
DA:43,0
DA:44,0
DA:45,0
DA:46,0
DA:47,0
DA:48,0
DA:49,0
DA:50,0
DA:51,0
DA:52,0
DA:53,0
DA:54,0
DA:55,0
DA:56,0
DA:57,0
DA:58,0
DA:59,0
DA:60,0
DA:61,0
DA:62,0
DA:63,0
DA:64,0
DA:65,0
DA:66,0
DA:67,0
DA:68,0
DA:69,0
DA:70,0
DA:71,0
DA:72,0
DA:73,0
DA:74,0
DA:75,0
DA:76,0
DA:77,0
DA:78,0
DA:79,0
DA:80,0
DA:81,0
DA:82,0
DA:83,0
DA:84,0
DA:85,0
DA:86,0
DA:87,0
DA:88,0
DA:89,0
DA:90,0
DA:91,0
DA:92,0
DA:93,0
DA:94,0
DA:95,0
DA:96,0
DA:97,0
DA:98,0
DA:99,0
DA:100,0
DA:101,0
DA:102,0
DA:103,0
DA:104,0
DA:105,0
DA:106,0
DA:107,0
DA:108,0
DA:109,0
DA:110,0
DA:111,0
DA:112,0
DA:113,0
DA:114,0
DA:115,0
DA:116,0
DA:117,0
DA:118,0
DA:119,0
DA:120,0
DA:121,0
DA:122,0
DA:123,0
DA:124,0
DA:125,0
DA:126,0
DA:127,0
DA:128,0
DA:129,0
DA:130,0
DA:131,0
DA:132,0
DA:133,0
DA:134,0
DA:135,0
DA:136,0
DA:137,0
DA:138,0
DA:139,0
DA:140,0
DA:141,0
DA:142,0
DA:143,0
DA:144,0
DA:145,0
DA:146,0
DA:147,0
DA:148,0
DA:149,0
DA:150,0
DA:151,0
DA:152,0
DA:153,0
DA:154,0
DA:155,0
DA:156,0
DA:157,0
DA:158,0
DA:159,0
DA:160,0
DA:161,0
DA:162,0
DA:163,0
DA:164,0
DA:165,0
DA:166,0
DA:167,0
DA:168,0
DA:169,0
DA:170,0
DA:171,0
DA:172,0
DA:173,0
DA:174,0
DA:175,0
DA:176,0
DA:177,0
DA:178,0
DA:179,0
DA:180,0
DA:181,0
DA:182,0
DA:183,0
DA:184,0
DA:185,0
DA:186,0
DA:187,0
DA:188,0
DA:189,0
DA:190,0
DA:191,0
DA:192,0
DA:193,0
DA:194,0
DA:195,0
DA:196,0
DA:197,0
DA:198,0
DA:199,0
DA:200,0
DA:201,0
DA:202,0
DA:203,0
DA:204,0
DA:205,0
DA:206,0
DA:207,0
DA:208,0
DA:209,0
DA:210,0
DA:211,0
DA:212,0
DA:213,0
DA:214,0
DA:215,0
DA:216,0
DA:217,0
DA:218,0
DA:219,0
DA:220,0
DA:221,0
DA:222,0
DA:223,0
DA:224,0
DA:225,0
DA:226,0
DA:227,0
DA:228,0
DA:229,0
DA:230,0
DA:231,0
DA:232,0
DA:233,0
DA:234,0
DA:235,0
DA:236,0
DA:237,0
DA:238,0
DA:239,0
DA:240,0
DA:241,0
DA:242,0
DA:243,0
DA:244,0
DA:245,0
DA:246,0
DA:247,0
DA:248,0
DA:249,0
DA:250,0
DA:251,0
DA:252,0
DA:253,0
DA:254,0
DA:255,0
DA:256,0
DA:257,0
DA:258,0
DA:259,0
DA:260,0
DA:261,0
DA:262,0
DA:263,0
DA:264,0
DA:265,0
DA:266,0
DA:267,0
DA:268,0
DA:269,0
DA:270,0
DA:271,0
DA:272,0
DA:273,0
DA:274,0
DA:275,0
DA:276,0
DA:277,0
DA:278,0
DA:279,0
DA:280,0
DA:281,0
DA:282,0
DA:283,0
DA:284,0
DA:285,0
DA:286,0
DA:287,0
DA:288,0
DA:289,0
DA:290,0
DA:291,0
DA:292,0
DA:293,0
DA:294,0
DA:295,0
DA:296,0
DA:297,0
DA:298,0
DA:299,0
DA:300,0
DA:301,0
DA:302,0
DA:303,0
DA:304,0
DA:305,0
DA:306,0
DA:307,0
DA:308,0
DA:309,0
DA:310,0
DA:311,0
DA:312,0
DA:313,0
DA:314,0
DA:315,0
DA:316,0
DA:317,0
DA:318,0
DA:319,0
DA:320,0
DA:321,0
DA:322,0
DA:323,0
DA:324,0
DA:325,0
DA:326,0
DA:327,0
DA:328,0
DA:329,0
DA:330,0
DA:331,0
DA:332,0
DA:333,0
DA:334,0
DA:335,0
DA:336,0
DA:337,0
DA:338,0
DA:339,0
DA:340,0
DA:341,0
DA:342,0
DA:343,0
DA:344,0
DA:345,0
DA:346,0
DA:347,0
DA:348,0
DA:349,0
DA:350,0
DA:351,0
DA:352,0
DA:353,0
DA:354,0
DA:355,0
DA:356,0
DA:357,0
DA:358,0
DA:359,0
DA:360,0
DA:361,0
DA:362,0
DA:363,0
DA:364,0
DA:365,0
DA:366,0
DA:367,0
DA:368,0
DA:369,0
DA:370,0
DA:371,0
DA:372,0
DA:373,0
DA:374,0
DA:375,0
DA:376,0
DA:377,0
DA:378,0
DA:379,0
DA:380,0
DA:381,0
DA:382,0
DA:383,0
DA:384,0
DA:385,0
DA:386,0
DA:387,0
DA:388,0
DA:389,0
DA:390,0
DA:391,0
DA:392,0
DA:393,0
DA:394,0
DA:395,0
DA:396,0
DA:397,0
DA:398,0
DA:399,0
DA:400,0
DA:401,0
DA:402,0
DA:403,0
DA:404,0
DA:405,0
DA:406,0
DA:407,0
DA:408,0
DA:409,0
DA:410,0
DA:411,0
DA:412,0
DA:413,0
DA:414,0
DA:415,0
DA:416,0
DA:417,0
DA:418,0
DA:419,0
DA:420,0
DA:421,0
DA:422,0
DA:423,0
DA:424,0
DA:425,0
DA:426,0
DA:427,0
DA:428,0
DA:429,0
DA:430,0
DA:431,0
DA:432,0
DA:433,0
DA:434,0
DA:435,0
DA:436,0
DA:437,0
DA:438,0
DA:439,0
DA:440,0
DA:441,0
DA:442,0
DA:443,0
DA:444,0
DA:445,0
DA:446,0
DA:447,0
DA:448,0
DA:449,0
DA:450,0
DA:451,0
DA:452,0
DA:453,0
DA:454,0
DA:455,0
DA:456,0
DA:457,0
DA:458,0
DA:459,0
DA:460,0
DA:461,0
DA:462,0
DA:463,0
DA:464,0
DA:465,0
DA:466,0
DA:467,0
DA:468,0
DA:469,0
DA:470,0
DA:471,0
DA:472,0
DA:473,0
DA:474,0
DA:475,0
DA:476,0
DA:477,0
DA:478,0
DA:479,0
DA:480,0
DA:481,0
DA:482,0
DA:483,0
DA:484,0
DA:485,0
DA:486,0
DA:487,0
DA:488,0
DA:489,0
DA:490,0
DA:491,0
DA:492,0
DA:493,0
DA:494,0
DA:495,0
DA:496,0
DA:497,0
DA:498,0
DA:499,0
DA:500,0
DA:501,0
DA:502,0
DA:503,0
DA:504,0
DA:505,0
DA:506,0
DA:507,0
DA:508,0
DA:509,0
DA:510,0
DA:511,0
DA:512,0
DA:513,0
DA:514,0
DA:515,0
DA:516,0
DA:517,0
DA:518,0
DA:519,0
DA:520,0
DA:521,0
DA:522,0
DA:523,0
DA:524,0
DA:525,0
DA:526,0
DA:527,0
DA:528,0
DA:529,0
DA:530,0
DA:531,0
DA:532,0
DA:533,0
DA:534,0
DA:535,0
DA:536,0
DA:537,0
DA:538,0
DA:539,0
DA:540,0
DA:541,0
DA:542,0
DA:543,0
DA:544,0
DA:545,0
DA:546,0
DA:547,0
DA:548,0
DA:549,0
DA:550,0
DA:551,0
DA:552,0
DA:553,0
DA:554,0
DA:555,0
DA:556,0
DA:557,0
DA:558,0
DA:559,0
DA:560,0
DA:561,0
DA:562,0
DA:563,0
DA:564,0
DA:565,0
DA:566,0
DA:567,0
DA:568,0
DA:569,0
DA:570,0
DA:571,0
DA:572,0
DA:573,0
DA:574,0
DA:575,0
DA:576,0
DA:577,0
DA:578,0
DA:579,0
DA:580,0
DA:581,0
DA:582,0
DA:583,0
DA:584,0
DA:585,0
DA:586,0
DA:587,0
DA:588,0
DA:589,0
DA:590,0
DA:591,0
DA:592,0
DA:593,0
DA:594,0
DA:595,0
DA:596,0
DA:597,0
DA:598,0
DA:599,0
DA:600,0
DA:601,0
DA:602,0
DA:603,0
DA:604,0
DA:605,0
DA:606,0
DA:607,0
DA:608,0
DA:609,0
DA:610,0
DA:611,0
DA:612,0
DA:613,0
DA:614,0
DA:615,0
DA:616,0
DA:617,0
DA:618,0
DA:619,0
DA:620,0
DA:621,0
DA:622,0
DA:623,0
DA:624,0
DA:625,0
DA:626,0
DA:627,0
DA:628,0
DA:629,0
DA:630,0
DA:631,0
DA:632,0
DA:633,0
DA:634,0
DA:635,0
DA:636,0
DA:637,0
DA:638,0
DA:639,0
DA:640,0
DA:641,0
DA:642,0
DA:643,0
DA:644,0
DA:645,0
DA:646,0
DA:647,0
DA:648,0
DA:649,0
DA:650,0
DA:651,0
DA:652,0
DA:653,0
DA:654,0
DA:655,0
DA:656,0
DA:657,0
DA:658,0
DA:659,0
DA:660,0
DA:661,0
DA:662,0
DA:663,0
DA:664,0
DA:665,0
DA:666,0
DA:667,0
DA:668,0
DA:669,0
DA:670,0
DA:671,0
DA:672,0
DA:673,0
DA:674,0
DA:675,0
DA:676,0
DA:677,0
DA:678,0
DA:679,0
DA:680,0
DA:681,0
DA:682,0
DA:683,0
DA:684,0
DA:685,0
DA:686,0
DA:687,0
DA:688,0
DA:689,0
DA:690,0
DA:691,0
DA:692,0
DA:693,0
DA:694,0
DA:695,0
DA:696,0
DA:697,0
DA:698,0
DA:699,0
DA:700,0
DA:701,0
DA:702,0
DA:703,0
DA:704,0
DA:705,0
DA:706,0
DA:707,0
DA:708,0
DA:709,0
DA:710,0
DA:711,0
DA:712,0
DA:713,0
DA:714,0
DA:715,0
DA:716,0
DA:717,0
DA:718,0
DA:719,0
DA:720,0
DA:721,0
DA:722,0
DA:723,0
DA:724,0
DA:725,0
DA:726,0
DA:727,0
DA:728,0
DA:729,0
DA:730,0
DA:731,0
DA:732,0
DA:733,0
DA:734,0
DA:735,0
DA:736,0
DA:737,0
DA:738,0
DA:739,0
DA:740,0
DA:741,0
DA:742,0
DA:743,0
DA:744,0
DA:745,0
DA:746,0
DA:747,0
DA:748,0
DA:749,0
DA:750,0
DA:751,0
DA:752,0
DA:753,0
DA:754,0
DA:755,0
DA:756,0
DA:757,0
DA:758,0
DA:759,0
DA:760,0
DA:761,0
DA:762,0
DA:763,0
DA:764,0
DA:765,0
DA:766,0
DA:767,0
DA:768,0
DA:769,0
DA:770,0
DA:771,0
DA:772,0
DA:773,0
DA:774,0
DA:775,0
DA:776,0
DA:777,0
DA:778,0
DA:779,0
DA:780,0
DA:781,0
DA:782,0
DA:783,0
DA:784,0
DA:785,0
DA:786,0
DA:787,0
DA:788,0
DA:789,0
DA:790,0
DA:791,0
DA:792,0
DA:793,0
DA:794,0
DA:795,0
DA:796,0
DA:797,0
DA:798,0
DA:799,0
DA:800,0
DA:801,0
DA:802,0
DA:803,0
DA:804,0
DA:805,0
DA:806,0
DA:807,0
DA:808,0
DA:809,0
DA:810,0
DA:811,0
DA:812,0
DA:813,0
DA:814,0
DA:815,0
DA:816,0
DA:817,0
DA:818,0
DA:819,0
DA:820,0
DA:821,0
DA:822,0
DA:823,0
DA:824,0
DA:825,0
DA:826,0
DA:827,0
DA:828,0
DA:829,0
DA:830,0
DA:831,0
DA:832,0
DA:833,0
DA:834,0
DA:835,0
DA:836,0
DA:837,0
DA:838,0
DA:839,0
DA:840,0
DA:841,0
DA:842,0
DA:843,0
DA:844,0
DA:845,0
DA:846,0
DA:847,0
DA:848,0
DA:849,0
DA:850,0
DA:851,0
DA:852,0
DA:853,0
DA:854,0
DA:855,0
DA:856,0
DA:857,0
DA:858,0
DA:859,0
DA:860,0
DA:861,0
DA:862,0
DA:863,0
DA:864,0
DA:865,0
DA:866,0
DA:867,0
DA:868,0
DA:869,0
DA:870,0
DA:871,0
DA:872,0
DA:873,0
DA:874,0
DA:875,0
DA:876,0
DA:877,0
DA:878,0
DA:879,0
DA:880,0
DA:881,0
DA:882,0
DA:883,0
DA:884,0
DA:885,0
DA:886,0
DA:887,0
DA:888,0
DA:889,0
DA:890,0
DA:891,0
DA:892,0
DA:893,0
DA:894,0
DA:895,0
DA:896,0
DA:897,0
DA:898,0
DA:899,0
DA:900,0
DA:901,0
DA:902,0
DA:903,0
DA:904,0
DA:905,0
DA:906,0
DA:907,0
DA:908,0
DA:909,0
DA:910,0
DA:911,0
DA:912,0
DA:913,0
DA:914,0
DA:915,0
DA:916,0
DA:917,0
DA:918,0
DA:919,0
DA:920,0
DA:921,0
DA:922,0
DA:923,0
DA:924,0
DA:925,0
DA:926,0
DA:927,0
DA:928,0
DA:929,0
DA:930,0
DA:931,0
DA:932,0
DA:933,0
DA:934,0
DA:935,0
DA:936,0
DA:937,0
DA:938,0
DA:939,0
DA:940,0
DA:941,0
DA:942,0
DA:943,0
DA:944,0
DA:945,0
DA:946,0
DA:947,0
DA:948,0
DA:949,0
DA:950,0
DA:951,0
DA:952,0
DA:953,0
DA:954,0
DA:955,0
DA:956,0
DA:957,0
DA:958,0
DA:959,0
DA:960,0
DA:961,0
DA:962,0
DA:963,0
DA:964,0
DA:965,0
DA:966,0
DA:967,0
DA:968,0
DA:969,0
DA:970,0
DA:971,0
DA:972,0
DA:973,0
DA:974,0
DA:975,0
DA:976,0
DA:977,0
DA:978,0
DA:979,0
DA:980,0
DA:981,0
DA:982,0
DA:983,0
DA:984,0
DA:985,0
DA:986,0
DA:987,0
DA:988,0
DA:989,0
DA:990,0
DA:991,0
DA:992,0
DA:993,0
DA:994,0
DA:995,0
DA:996,0
DA:997,0
DA:998,0
DA:999,0
DA:1000,0
DA:1001,0
DA:1002,0
DA:1003,0
DA:1004,0
DA:1005,0
DA:1006,0
DA:1007,0
DA:1008,0
DA:1009,0
DA:1010,0
DA:1011,0
DA:1012,0
DA:1013,0
DA:1014,0
DA:1015,0
DA:1016,0
DA:1017,0
DA:1018,0
DA:1019,0
DA:1020,0
DA:1021,0
DA:1022,0
DA:1023,0
DA:1024,0
DA:1025,0
DA:1026,0
DA:1027,0
DA:1028,0
DA:1029,0
DA:1030,0
DA:1031,0
DA:1032,0
DA:1033,0
DA:1034,0
DA:1035,0
DA:1036,0
DA:1037,0
DA:1038,0
DA:1039,0
DA:1040,0
DA:1041,0
DA:1042,0
DA:1043,0
DA:1044,0
DA:1045,0
DA:1046,0
DA:1047,0
DA:1048,0
DA:1049,0
DA:1050,0
DA:1051,0
DA:1052,0
DA:1053,0
DA:1054,0
DA:1055,0
DA:1056,0
DA:1057,0
DA:1058,0
DA:1059,0
DA:1060,0
DA:1061,0
DA:1062,0
DA:1063,0
DA:1064,0
DA:1065,0
DA:1066,0
DA:1067,0
DA:1068,0
DA:1069,0
DA:1070,0
DA:1071,0
DA:1072,0
DA:1073,0
DA:1074,0
DA:1075,0
DA:1076,0
DA:1077,0
DA:1078,0
DA:1079,0
DA:1080,0
DA:1081,0
DA:1082,0
DA:1083,0
DA:1084,0
DA:1085,0
DA:1086,0
DA:1087,0
DA:1088,0
DA:1089,0
DA:1090,0
DA:1091,0
DA:1092,0
DA:1093,0
DA:1094,0
DA:1095,0
DA:1096,0
DA:1097,0
DA:1098,0
DA:1099,0
DA:1100,0
DA:1101,0
DA:1102,0
DA:1103,0
DA:1104,0
DA:1105,0
DA:1106,0
DA:1107,0
DA:1108,0
DA:1109,0
DA:1110,0
DA:1111,0
DA:1112,0
DA:1113,0
DA:1114,0
DA:1115,0
DA:1116,0
DA:1117,0
DA:1118,0
DA:1119,0
DA:1120,0
DA:1121,0
DA:1122,0
DA:1123,0
DA:1124,0
DA:1125,0
DA:1126,0
DA:1127,0
DA:1128,0
DA:1129,0
LF:1129
LH:0
BRDA:1,0,0,0
BRF:1
BRH:0
end_of_record
